{"meta": {"format": 3, "version": "7.11.0", "timestamp": "2025-10-23T18:33:28.680378", "branch_coverage": false, "show_contexts": false}, "files": {"ccdakit/__init__.py": {"executed_lines": [1, 39, 43, 46, 57, 71, 88, 89, 93, 96], "summary": {"covered_lines": 9, "num_statements": 9, "percent_covered": 100.0, "percent_covered_display": "100", "missing_lines": 0, "excluded_lines": 0}, "missing_lines": [], "excluded_lines": [], "functions": {"": {"executed_lines": [1, 39, 43, 46, 57, 71, 88, 89, 93, 96], "summary": {"covered_lines": 9, "num_statements": 9, "percent_covered": 100.0, "percent_covered_display": "100", "missing_lines": 0, "excluded_lines": 0}, "missing_lines": [], "excluded_lines": []}}, "classes": {"": {"executed_lines": [1, 39, 43, 46, 57, 71, 88, 89, 93, 96], "summary": {"covered_lines": 9, "num_statements": 9, "percent_covered": 100.0, "percent_covered_display": "100", "missing_lines": 0, "excluded_lines": 0}, "missing_lines": [], "excluded_lines": []}}}, "ccdakit/builders/__init__.py": {"executed_lines": [1, 3, 4, 5, 8, 11], "summary": {"covered_lines": 5, "num_statements": 5, "percent_covered": 100.0, "percent_covered_display": "100", "missing_lines": 0, "excluded_lines": 0}, "missing_lines": [], "excluded_lines": [], "functions": {"": {"executed_lines": [1, 3, 4, 5, 8, 11], "summary": {"covered_lines": 5, "num_statements": 5, "percent_covered": 100.0, "percent_covered_display": "100", "missing_lines": 0, "excluded_lines": 0}, "missing_lines": [], "excluded_lines": []}}, "classes": {"": {"executed_lines": [1, 3, 4, 5, 8, 11], "summary": {"covered_lines": 5, "num_statements": 5, "percent_covered": 100.0, "percent_covered_display": "100", "missing_lines": 0, "excluded_lines": 0}, "missing_lines": [], "excluded_lines": []}}}, "ccdakit/builders/common.py": {"executed_lines": [1, 3, 4, 6, 8, 12, 15, 16, 19, 81, 99, 100, 101, 102, 103, 105, 115, 117, 118, 120, 121, 123, 126, 127, 128, 130, 132, 133, 135, 138, 139, 141, 159, 160, 161, 162, 163, 165, 172, 174, 175, 176, 178, 181, 182, 183, 185, 186, 187, 188, 190, 191, 193, 195, 196, 206, 208, 210, 213, 214, 216, 232, 233, 234, 235, 237, 244, 246, 247, 249, 250, 251, 253, 256, 257, 259, 267, 268, 270, 277, 278, 279], "summary": {"covered_lines": 77, "num_statements": 77, "percent_covered": 100.0, "percent_covered_display": "100", "missing_lines": 0, "excluded_lines": 0}, "missing_lines": [], "excluded_lines": [], "functions": {"Code.__init__": {"executed_lines": [99, 100, 101, 102, 103], "summary": {"covered_lines": 5, "num_statements": 5, "percent_covered": 100.0, "percent_covered_display": "100", "missing_lines": 0, "excluded_lines": 0}, "missing_lines": [], "excluded_lines": []}, "Code.build": {"executed_lines": [115, 117, 118, 120, 121, 123, 126, 127, 128, 130, 132, 133, 135], "summary": {"covered_lines": 13, "num_statements": 13, "percent_covered": 100.0, "percent_covered_display": "100", "missing_lines": 0, "excluded_lines": 0}, "missing_lines": [], "excluded_lines": []}, "EffectiveTime.__init__": {"executed_lines": [159, 160, 161, 162, 163], "summary": {"covered_lines": 5, "num_statements": 5, "percent_covered": 100.0, "percent_covered_display": "100", "missing_lines": 0, "excluded_lines": 0}, "missing_lines": [], "excluded_lines": []}, "EffectiveTime.build": {"executed_lines": [172, 174, 175, 176, 178, 181, 182, 183, 185, 186, 187, 188, 190, 191, 193], "summary": {"covered_lines": 15, "num_statements": 15, "percent_covered": 100.0, "percent_covered_display": "100", "missing_lines": 0, "excluded_lines": 0}, "missing_lines": [], "excluded_lines": []}, "EffectiveTime._format_datetime": {"executed_lines": [206, 208, 210], "summary": {"covered_lines": 3, "num_statements": 3, "percent_covered": 100.0, "percent_covered_display": "100", "missing_lines": 0, "excluded_lines": 0}, "missing_lines": [], "excluded_lines": []}, "Identifier.__init__": {"executed_lines": [232, 233, 234, 235], "summary": {"covered_lines": 4, "num_statements": 4, "percent_covered": 100.0, "percent_covered_display": "100", "missing_lines": 0, "excluded_lines": 0}, "missing_lines": [], "excluded_lines": []}, "Identifier.build": {"executed_lines": [244, 246, 247, 249, 250, 251, 253], "summary": {"covered_lines": 7, "num_statements": 7, "percent_covered": 100.0, "percent_covered_display": "100", "missing_lines": 0, "excluded_lines": 0}, "missing_lines": [], "excluded_lines": []}, "StatusCode.__init__": {"executed_lines": [267, 268], "summary": {"covered_lines": 2, "num_statements": 2, "percent_covered": 100.0, "percent_covered_display": "100", "missing_lines": 0, "excluded_lines": 0}, "missing_lines": [], "excluded_lines": []}, "StatusCode.build": {"executed_lines": [277, 278, 279], "summary": {"covered_lines": 3, "num_statements": 3, "percent_covered": 100.0, "percent_covered_display": "100", "missing_lines": 0, "excluded_lines": 0}, "missing_lines": [], "excluded_lines": []}, "": {"executed_lines": [1, 3, 4, 6, 8, 12, 15, 16, 19, 81, 105, 138, 139, 141, 165, 195, 196, 213, 214, 216, 237, 256, 257, 259, 270], "summary": {"covered_lines": 20, "num_statements": 20, "percent_covered": 100.0, "percent_covered_display": "100", "missing_lines": 0, "excluded_lines": 0}, "missing_lines": [], "excluded_lines": []}}, "classes": {"Code": {"executed_lines": [99, 100, 101, 102, 103, 115, 117, 118, 120, 121, 123, 126, 127, 128, 130, 132, 133, 135], "summary": {"covered_lines": 18, "num_statements": 18, "percent_covered": 100.0, "percent_covered_display": "100", "missing_lines": 0, "excluded_lines": 0}, "missing_lines": [], "excluded_lines": []}, "EffectiveTime": {"executed_lines": [159, 160, 161, 162, 163, 172, 174, 175, 176, 178, 181, 182, 183, 185, 186, 187, 188, 190, 191, 193, 206, 208, 210], "summary": {"covered_lines": 23, "num_statements": 23, "percent_covered": 100.0, "percent_covered_display": "100", "missing_lines": 0, "excluded_lines": 0}, "missing_lines": [], "excluded_lines": []}, "Identifier": {"executed_lines": [232, 233, 234, 235, 244, 246, 247, 249, 250, 251, 253], "summary": {"covered_lines": 11, "num_statements": 11, "percent_covered": 100.0, "percent_covered_display": "100", "missing_lines": 0, "excluded_lines": 0}, "missing_lines": [], "excluded_lines": []}, "StatusCode": {"executed_lines": [267, 268, 277, 278, 279], "summary": {"covered_lines": 5, "num_statements": 5, "percent_covered": 100.0, "percent_covered_display": "100", "missing_lines": 0, "excluded_lines": 0}, "missing_lines": [], "excluded_lines": []}, "": {"executed_lines": [1, 3, 4, 6, 8, 12, 15, 16, 19, 81, 105, 138, 139, 141, 165, 195, 196, 213, 214, 216, 237, 256, 257, 259, 270], "summary": {"covered_lines": 20, "num_statements": 20, "percent_covered": 100.0, "percent_covered_display": "100", "missing_lines": 0, "excluded_lines": 0}, "missing_lines": [], "excluded_lines": []}}}, "ccdakit/builders/demographics.py": {"executed_lines": [1, 3, 5, 6, 10, 13, 14, 17, 26, 35, 36, 37, 39, 46, 49, 50, 51, 54, 55, 56, 59, 60, 63, 64, 67, 68, 71, 72, 74, 77, 78, 81, 88, 96, 97, 99, 106, 109, 110, 113, 114, 115, 117, 119, 126, 127, 129, 131, 132, 134, 135, 137, 138, 140, 141, 142], "summary": {"covered_lines": 53, "num_statements": 54, "percent_covered": 98.14814814814815, "percent_covered_display": "98", "missing_lines": 1, "excluded_lines": 0}, "missing_lines": [145], "excluded_lines": [], "functions": {"Address.__init__": {"executed_lines": [35, 36, 37], "summary": {"covered_lines": 3, "num_statements": 3, "percent_covered": 100.0, "percent_covered_display": "100", "missing_lines": 0, "excluded_lines": 0}, "missing_lines": [], "excluded_lines": []}, "Address.build": {"executed_lines": [46, 49, 50, 51, 54, 55, 56, 59, 60, 63, 64, 67, 68, 71, 72, 74], "summary": {"covered_lines": 16, "num_statements": 16, "percent_covered": 100.0, "percent_covered_display": "100", "missing_lines": 0, "excluded_lines": 0}, "missing_lines": [], "excluded_lines": []}, "Telecom.__init__": {"executed_lines": [96, 97], "summary": {"covered_lines": 2, "num_statements": 2, "percent_covered": 100.0, "percent_covered_display": "100", "missing_lines": 0, "excluded_lines": 0}, "missing_lines": [], "excluded_lines": []}, "Telecom.build": {"executed_lines": [106, 109, 110, 113, 114, 115, 117], "summary": {"covered_lines": 7, "num_statements": 7, "percent_covered": 100.0, "percent_covered_display": "100", "missing_lines": 0, "excluded_lines": 0}, "missing_lines": [], "excluded_lines": []}, "Telecom._build_value": {"executed_lines": [126, 127, 129, 131, 132, 134, 135, 137, 138, 140, 141, 142], "summary": {"covered_lines": 12, "num_statements": 13, "percent_covered": 92.3076923076923, "percent_covered_display": "92", "missing_lines": 1, "excluded_lines": 0}, "missing_lines": [145], "excluded_lines": []}, "": {"executed_lines": [1, 3, 5, 6, 10, 13, 14, 17, 26, 39, 77, 78, 81, 88, 99, 119], "summary": {"covered_lines": 13, "num_statements": 13, "percent_covered": 100.0, "percent_covered_display": "100", "missing_lines": 0, "excluded_lines": 0}, "missing_lines": [], "excluded_lines": []}}, "classes": {"Address": {"executed_lines": [35, 36, 37, 46, 49, 50, 51, 54, 55, 56, 59, 60, 63, 64, 67, 68, 71, 72, 74], "summary": {"covered_lines": 19, "num_statements": 19, "percent_covered": 100.0, "percent_covered_display": "100", "missing_lines": 0, "excluded_lines": 0}, "missing_lines": [], "excluded_lines": []}, "Telecom": {"executed_lines": [96, 97, 106, 109, 110, 113, 114, 115, 117, 126, 127, 129, 131, 132, 134, 135, 137, 138, 140, 141, 142], "summary": {"covered_lines": 21, "num_statements": 22, "percent_covered": 95.45454545454545, "percent_covered_display": "95", "missing_lines": 1, "excluded_lines": 0}, "missing_lines": [145], "excluded_lines": []}, "": {"executed_lines": [1, 3, 5, 6, 10, 13, 14, 17, 26, 39, 77, 78, 81, 88, 99, 119], "summary": {"covered_lines": 13, "num_statements": 13, "percent_covered": 100.0, "percent_covered_display": "100", "missing_lines": 0, "excluded_lines": 0}, "missing_lines": [], "excluded_lines": []}}}, "ccdakit/builders/document.py": {"executed_lines": [1, 3, 4, 5, 7, 9, 10, 11, 12, 13, 14, 15, 18, 19, 22, 40, 47, 49, 73, 74, 75, 76, 77, 78, 79, 80, 82, 90, 93, 94, 97, 98, 99, 102, 105, 106, 109, 112, 113, 116, 117, 120, 121, 122, 123, 126, 127, 130, 131, 134, 135, 138, 139, 142, 143, 145, 147, 154, 155, 158, 159, 162, 164, 172, 177, 178, 180, 188, 191, 194, 195, 196, 197, 199, 209, 210, 216], "summary": {"covered_lines": 75, "num_statements": 77, "percent_covered": 97.40259740259741, "percent_covered_display": "97", "missing_lines": 2, "excluded_lines": 0}, "missing_lines": [156, 157], "excluded_lines": [], "functions": {"ClinicalDocument.__init__": {"executed_lines": [73, 74, 75, 76, 77, 78, 79, 80], "summary": {"covered_lines": 8, "num_statements": 8, "percent_covered": 100.0, "percent_covered_display": "100", "missing_lines": 0, "excluded_lines": 0}, "missing_lines": [], "excluded_lines": []}, "ClinicalDocument.build": {"executed_lines": [90, 93, 94, 97, 98, 99, 102, 105, 106, 109, 112, 113, 116, 117, 120, 121, 122, 123, 126, 127, 130, 131, 134, 135, 138, 139, 142, 143, 145], "summary": {"covered_lines": 29, "num_statements": 29, "percent_covered": 100.0, "percent_covered_display": "100", "missing_lines": 0, "excluded_lines": 0}, "missing_lines": [], "excluded_lines": []}, "ClinicalDocument._get_document_id_root": {"executed_lines": [154, 155, 158, 159, 162], "summary": {"covered_lines": 5, "num_statements": 7, "percent_covered": 71.42857142857143, "percent_covered_display": "71", "missing_lines": 2, "excluded_lines": 0}, "missing_lines": [156, 157], "excluded_lines": []}, "ClinicalDocument._add_document_code": {"executed_lines": [172, 177, 178], "summary": {"covered_lines": 3, "num_statements": 3, "percent_covered": 100.0, "percent_covered_display": "100", "missing_lines": 0, "excluded_lines": 0}, "missing_lines": [], "excluded_lines": []}, "ClinicalDocument._add_body": {"executed_lines": [188, 191, 194, 195, 196, 197], "summary": {"covered_lines": 6, "num_statements": 6, "percent_covered": 100.0, "percent_covered_display": "100", "missing_lines": 0, "excluded_lines": 0}, "missing_lines": [], "excluded_lines": []}, "ClinicalDocument.to_xml_string": {"executed_lines": [209, 210, 216], "summary": {"covered_lines": 3, "num_statements": 3, "percent_covered": 100.0, "percent_covered_display": "100", "missing_lines": 0, "excluded_lines": 0}, "missing_lines": [], "excluded_lines": []}, "": {"executed_lines": [1, 3, 4, 5, 7, 9, 10, 11, 12, 13, 14, 15, 18, 19, 22, 40, 47, 49, 82, 147, 164, 180, 199], "summary": {"covered_lines": 21, "num_statements": 21, "percent_covered": 100.0, "percent_covered_display": "100", "missing_lines": 0, "excluded_lines": 0}, "missing_lines": [], "excluded_lines": []}}, "classes": {"ClinicalDocument": {"executed_lines": [73, 74, 75, 76, 77, 78, 79, 80, 90, 93, 94, 97, 98, 99, 102, 105, 106, 109, 112, 113, 116, 117, 120, 121, 122, 123, 126, 127, 130, 131, 134, 135, 138, 139, 142, 143, 145, 154, 155, 158, 159, 162, 172, 177, 178, 188, 191, 194, 195, 196, 197, 209, 210, 216], "summary": {"covered_lines": 54, "num_statements": 56, "percent_covered": 96.42857142857143, "percent_covered_display": "96", "missing_lines": 2, "excluded_lines": 0}, "missing_lines": [156, 157], "excluded_lines": []}, "": {"executed_lines": [1, 3, 4, 5, 7, 9, 10, 11, 12, 13, 14, 15, 18, 19, 22, 40, 47, 49, 82, 147, 164, 180, 199], "summary": {"covered_lines": 21, "num_statements": 21, "percent_covered": 100.0, "percent_covered_display": "100", "missing_lines": 0, "excluded_lines": 0}, "missing_lines": [], "excluded_lines": []}}}, "ccdakit/builders/documents/__init__.py": {"executed_lines": [1, 3, 4, 7], "summary": {"covered_lines": 3, "num_statements": 3, "percent_covered": 100.0, "percent_covered_display": "100", "missing_lines": 0, "excluded_lines": 0}, "missing_lines": [], "excluded_lines": [], "functions": {"": {"executed_lines": [1, 3, 4, 7], "summary": {"covered_lines": 3, "num_statements": 3, "percent_covered": 100.0, "percent_covered_display": "100", "missing_lines": 0, "excluded_lines": 0}, "missing_lines": [], "excluded_lines": []}}, "classes": {"": {"executed_lines": [1, 3, 4, 7], "summary": {"covered_lines": 3, "num_statements": 3, "percent_covered": 100.0, "percent_covered_display": "100", "missing_lines": 0, "excluded_lines": 0}, "missing_lines": [], "excluded_lines": []}}}, "ccdakit/builders/documents/ccd.py": {"executed_lines": [1, 11, 12, 14, 16, 17, 18, 19, 20, 23, 24, 61, 88, 112, 123, 134, 139, 140, 142, 157, 164, 165, 166, 167, 168, 171, 172, 173, 174, 176], "summary": {"covered_lines": 28, "num_statements": 28, "percent_covered": 100.0, "percent_covered_display": "100", "missing_lines": 0, "excluded_lines": 0}, "missing_lines": [], "excluded_lines": [], "functions": {"ContinuityOfCareDocument.__init__": {"executed_lines": [112], "summary": {"covered_lines": 1, "num_statements": 1, "percent_covered": 100.0, "percent_covered_display": "100", "missing_lines": 0, "excluded_lines": 0}, "missing_lines": [], "excluded_lines": []}, "ContinuityOfCareDocument._add_document_code": {"executed_lines": [134, 139, 140], "summary": {"covered_lines": 3, "num_statements": 3, "percent_covered": 100.0, "percent_covered_display": "100", "missing_lines": 0, "excluded_lines": 0}, "missing_lines": [], "excluded_lines": []}, "ContinuityOfCareDocument.validate_required_sections": {"executed_lines": [157, 164, 165, 166, 167, 168, 171, 172, 173, 174, 176], "summary": {"covered_lines": 11, "num_statements": 11, "percent_covered": 100.0, "percent_covered_display": "100", "missing_lines": 0, "excluded_lines": 0}, "missing_lines": [], "excluded_lines": []}, "": {"executed_lines": [1, 11, 12, 14, 16, 17, 18, 19, 20, 23, 24, 61, 88, 123, 142], "summary": {"covered_lines": 13, "num_statements": 13, "percent_covered": 100.0, "percent_covered_display": "100", "missing_lines": 0, "excluded_lines": 0}, "missing_lines": [], "excluded_lines": []}}, "classes": {"ContinuityOfCareDocument": {"executed_lines": [112, 134, 139, 140, 157, 164, 165, 166, 167, 168, 171, 172, 173, 174, 176], "summary": {"covered_lines": 15, "num_statements": 15, "percent_covered": 100.0, "percent_covered_display": "100", "missing_lines": 0, "excluded_lines": 0}, "missing_lines": [], "excluded_lines": []}, "": {"executed_lines": [1, 11, 12, 14, 16, 17, 18, 19, 20, 23, 24, 61, 88, 123, 142], "summary": {"covered_lines": 13, "num_statements": 13, "percent_covered": 100.0, "percent_covered_display": "100", "missing_lines": 0, "excluded_lines": 0}, "missing_lines": [], "excluded_lines": []}}}, "ccdakit/builders/documents/discharge_summary.py": {"executed_lines": [1, 11, 12, 14, 16, 17, 18, 19, 20, 23, 24, 69, 96, 125, 126, 128, 139, 140, 142, 153, 158, 159, 161, 172, 175, 176, 178, 180, 190, 193, 194, 197, 199, 200, 201, 203, 204, 205, 209, 210, 214, 216, 231, 238, 239, 245, 246, 247, 248, 250], "summary": {"covered_lines": 48, "num_statements": 52, "percent_covered": 92.3076923076923, "percent_covered_display": "92", "missing_lines": 4, "excluded_lines": 0}, "missing_lines": [212, 240, 241, 242], "excluded_lines": [], "functions": {"DischargeSummary.__init__": {"executed_lines": [125, 126, 128, 139, 140], "summary": {"covered_lines": 5, "num_statements": 5, "percent_covered": 100.0, "percent_covered_display": "100", "missing_lines": 0, "excluded_lines": 0}, "missing_lines": [], "excluded_lines": []}, "DischargeSummary._add_document_code": {"executed_lines": [153, 158, 159], "summary": {"covered_lines": 3, "num_statements": 3, "percent_covered": 100.0, "percent_covered_display": "100", "missing_lines": 0, "excluded_lines": 0}, "missing_lines": [], "excluded_lines": []}, "DischargeSummary.build": {"executed_lines": [172, 175, 176, 178], "summary": {"covered_lines": 4, "num_statements": 4, "percent_covered": 100.0, "percent_covered_display": "100", "missing_lines": 0, "excluded_lines": 0}, "missing_lines": [], "excluded_lines": []}, "DischargeSummary._add_service_event": {"executed_lines": [190, 193, 194, 197, 199, 200, 201, 203, 204, 205, 209, 210, 214], "summary": {"covered_lines": 13, "num_statements": 14, "percent_covered": 92.85714285714286, "percent_covered_display": "93", "missing_lines": 1, "excluded_lines": 0}, "missing_lines": [212], "excluded_lines": []}, "DischargeSummary.validate_discharge_sections": {"executed_lines": [231, 238, 239, 245, 246, 247, 248, 250], "summary": {"covered_lines": 8, "num_statements": 11, "percent_covered": 72.72727272727273, "percent_covered_display": "73", "missing_lines": 3, "excluded_lines": 0}, "missing_lines": [240, 241, 242], "excluded_lines": []}, "": {"executed_lines": [1, 11, 12, 14, 16, 17, 18, 19, 20, 23, 24, 69, 96, 142, 161, 180, 216], "summary": {"covered_lines": 15, "num_statements": 15, "percent_covered": 100.0, "percent_covered_display": "100", "missing_lines": 0, "excluded_lines": 0}, "missing_lines": [], "excluded_lines": []}}, "classes": {"DischargeSummary": {"executed_lines": [125, 126, 128, 139, 140, 153, 158, 159, 172, 175, 176, 178, 190, 193, 194, 197, 199, 200, 201, 203, 204, 205, 209, 210, 214, 231, 238, 239, 245, 246, 247, 248, 250], "summary": {"covered_lines": 33, "num_statements": 37, "percent_covered": 89.1891891891892, "percent_covered_display": "89", "missing_lines": 4, "excluded_lines": 0}, "missing_lines": [212, 240, 241, 242], "excluded_lines": []}, "": {"executed_lines": [1, 11, 12, 14, 16, 17, 18, 19, 20, 23, 24, 69, 96, 142, 161, 180, 216], "summary": {"covered_lines": 15, "num_statements": 15, "percent_covered": 100.0, "percent_covered_display": "100", "missing_lines": 0, "excluded_lines": 0}, "missing_lines": [], "excluded_lines": []}}}, "ccdakit/builders/entries/__init__.py": {"executed_lines": [1, 3, 6, 7, 8, 9, 10, 11, 14, 15, 16, 20, 21, 22, 23, 26, 27, 28, 29, 32], "summary": {"covered_lines": 19, "num_statements": 19, "percent_covered": 100.0, "percent_covered_display": "100", "missing_lines": 0, "excluded_lines": 0}, "missing_lines": [], "excluded_lines": [], "functions": {"": {"executed_lines": [1, 3, 6, 7, 8, 9, 10, 11, 14, 15, 16, 20, 21, 22, 23, 26, 27, 28, 29, 32], "summary": {"covered_lines": 19, "num_statements": 19, "percent_covered": 100.0, "percent_covered_display": "100", "missing_lines": 0, "excluded_lines": 0}, "missing_lines": [], "excluded_lines": []}}, "classes": {"": {"executed_lines": [1, 3, 6, 7, 8, 9, 10, 11, 14, 15, 16, 20, 21, 22, 23, 26, 27, 28, 29, 32], "summary": {"covered_lines": 19, "num_statements": 19, "percent_covered": 100.0, "percent_covered_display": "100", "missing_lines": 0, "excluded_lines": 0}, "missing_lines": [], "excluded_lines": []}}}, "ccdakit/builders/entries/admission_diagnosis_entry.py": {"executed_lines": [1, 3, 5, 6, 7, 8, 12, 15, 16, 28, 38, 52, 53, 55, 63, 70, 73, 78, 79, 82, 84, 86, 94, 101, 102], "summary": {"covered_lines": 23, "num_statements": 23, "percent_covered": 100.0, "percent_covered_display": "100", "missing_lines": 0, "excluded_lines": 0}, "missing_lines": [], "excluded_lines": [], "functions": {"HospitalAdmissionDiagnosis.__init__": {"executed_lines": [52, 53], "summary": {"covered_lines": 2, "num_statements": 2, "percent_covered": 100.0, "percent_covered_display": "100", "missing_lines": 0, "excluded_lines": 0}, "missing_lines": [], "excluded_lines": []}, "HospitalAdmissionDiagnosis.build": {"executed_lines": [63, 70, 73, 78, 79, 82, 84], "summary": {"covered_lines": 7, "num_statements": 7, "percent_covered": 100.0, "percent_covered_display": "100", "missing_lines": 0, "excluded_lines": 0}, "missing_lines": [], "excluded_lines": []}, "HospitalAdmissionDiagnosis._add_problem_observation": {"executed_lines": [94, 101, 102], "summary": {"covered_lines": 3, "num_statements": 3, "percent_covered": 100.0, "percent_covered_display": "100", "missing_lines": 0, "excluded_lines": 0}, "missing_lines": [], "excluded_lines": []}, "": {"executed_lines": [1, 3, 5, 6, 7, 8, 12, 15, 16, 28, 38, 55, 86], "summary": {"covered_lines": 11, "num_statements": 11, "percent_covered": 100.0, "percent_covered_display": "100", "missing_lines": 0, "excluded_lines": 0}, "missing_lines": [], "excluded_lines": []}}, "classes": {"HospitalAdmissionDiagnosis": {"executed_lines": [52, 53, 63, 70, 73, 78, 79, 82, 84, 94, 101, 102], "summary": {"covered_lines": 12, "num_statements": 12, "percent_covered": 100.0, "percent_covered_display": "100", "missing_lines": 0, "excluded_lines": 0}, "missing_lines": [], "excluded_lines": []}, "": {"executed_lines": [1, 3, 5, 6, 7, 8, 12, 15, 16, 28, 38, 55, 86], "summary": {"covered_lines": 11, "num_statements": 11, "percent_covered": 100.0, "percent_covered_display": "100", "missing_lines": 0, "excluded_lines": 0}, "missing_lines": [], "excluded_lines": []}}}, "ccdakit/builders/entries/admission_medication.py": {"executed_lines": [1, 3, 5, 6, 7, 11, 14, 15, 26, 44, 45, 47, 61, 62, 64, 73, 81, 85, 86, 87, 88, 89, 93, 100, 101, 103], "summary": {"covered_lines": 24, "num_statements": 24, "percent_covered": 100.0, "percent_covered_display": "100", "missing_lines": 0, "excluded_lines": 0}, "missing_lines": [], "excluded_lines": [], "functions": {"AdmissionMedication.__init__": {"executed_lines": [61, 62], "summary": {"covered_lines": 2, "num_statements": 2, "percent_covered": 100.0, "percent_covered_display": "100", "missing_lines": 0, "excluded_lines": 0}, "missing_lines": [], "excluded_lines": []}, "AdmissionMedication.build": {"executed_lines": [73, 81, 85, 86, 87, 88, 89, 93, 100, 101, 103], "summary": {"covered_lines": 11, "num_statements": 11, "percent_covered": 100.0, "percent_covered_display": "100", "missing_lines": 0, "excluded_lines": 0}, "missing_lines": [], "excluded_lines": []}, "": {"executed_lines": [1, 3, 5, 6, 7, 11, 14, 15, 26, 44, 45, 47, 64], "summary": {"covered_lines": 11, "num_statements": 11, "percent_covered": 100.0, "percent_covered_display": "100", "missing_lines": 0, "excluded_lines": 0}, "missing_lines": [], "excluded_lines": []}}, "classes": {"AdmissionMedication": {"executed_lines": [61, 62, 73, 81, 85, 86, 87, 88, 89, 93, 100, 101, 103], "summary": {"covered_lines": 13, "num_statements": 13, "percent_covered": 100.0, "percent_covered_display": "100", "missing_lines": 0, "excluded_lines": 0}, "missing_lines": [], "excluded_lines": []}, "": {"executed_lines": [1, 3, 5, 6, 7, 11, 14, 15, 26, 44, 45, 47, 64], "summary": {"covered_lines": 11, "num_statements": 11, "percent_covered": 100.0, "percent_covered_display": "100", "missing_lines": 0, "excluded_lines": 0}, "missing_lines": [], "excluded_lines": []}}}, "ccdakit/builders/entries/advance_directive.py": {"executed_lines": [1, 3, 5, 6, 7, 11, 14, 15, 26, 44, 45, 47, 61, 62, 64, 87, 94, 97, 100, 103, 104, 107, 110, 113, 114, 117, 118, 121, 122, 124, 126, 133, 135, 139, 141, 153, 156, 157, 158, 159, 160, 163, 164, 165, 168, 169, 170, 171, 173, 185, 188, 189, 190, 192, 195, 196, 197, 200, 202, 212, 213, 216, 217, 218, 219, 220, 223, 224, 225, 227, 240, 247, 248, 251, 252, 253, 256, 259, 260, 261, 262, 264, 280, 287, 294, 295, 296, 297, 298, 299, 300, 301, 302, 303, 304, 307, 308, 309, 310, 313, 314, 315, 316, 319, 320, 321, 323, 339, 346, 349, 350, 351, 354, 356, 357, 360, 361, 363, 365, 366, 367, 369, 371, 382, 383, 385, 390], "summary": {"covered_lines": 125, "num_statements": 125, "percent_covered": 100.0, "percent_covered_display": "100", "missing_lines": 0, "excluded_lines": 0}, "missing_lines": [], "excluded_lines": [], "functions": {"AdvanceDirectiveObservation.__init__": {"executed_lines": [61, 62], "summary": {"covered_lines": 2, "num_statements": 2, "percent_covered": 100.0, "percent_covered_display": "100", "missing_lines": 0, "excluded_lines": 0}, "missing_lines": [], "excluded_lines": []}, "AdvanceDirectiveObservation.build": {"executed_lines": [87, 94, 97, 100, 103, 104, 107, 110, 113, 114, 117, 118, 121, 122, 124], "summary": {"covered_lines": 15, "num_statements": 15, "percent_covered": 100.0, "percent_covered_display": "100", "missing_lines": 0, "excluded_lines": 0}, "missing_lines": [], "excluded_lines": []}, "AdvanceDirectiveObservation._add_id": {"executed_lines": [133, 135, 139], "summary": {"covered_lines": 3, "num_statements": 3, "percent_covered": 100.0, "percent_covered_display": "100", "missing_lines": 0, "excluded_lines": 0}, "missing_lines": [], "excluded_lines": []}, "AdvanceDirectiveObservation._add_directive_type_code": {"executed_lines": [153, 156, 157, 158, 159, 160, 163, 164, 165, 168, 169, 170, 171], "summary": {"covered_lines": 13, "num_statements": 13, "percent_covered": 100.0, "percent_covered_display": "100", "missing_lines": 0, "excluded_lines": 0}, "missing_lines": [], "excluded_lines": []}, "AdvanceDirectiveObservation._add_effective_time": {"executed_lines": [185, 188, 189, 190, 192, 195, 196, 197, 200], "summary": {"covered_lines": 9, "num_statements": 9, "percent_covered": 100.0, "percent_covered_display": "100", "missing_lines": 0, "excluded_lines": 0}, "missing_lines": [], "excluded_lines": []}, "AdvanceDirectiveObservation._add_value": {"executed_lines": [212, 213, 216, 217, 218, 219, 220, 223, 224, 225], "summary": {"covered_lines": 10, "num_statements": 10, "percent_covered": 100.0, "percent_covered_display": "100", "missing_lines": 0, "excluded_lines": 0}, "missing_lines": [], "excluded_lines": []}, "AdvanceDirectiveObservation._add_verifier_participant": {"executed_lines": [240, 247, 248, 251, 252, 253, 256, 259, 260, 261, 262], "summary": {"covered_lines": 11, "num_statements": 11, "percent_covered": 100.0, "percent_covered_display": "100", "missing_lines": 0, "excluded_lines": 0}, "missing_lines": [], "excluded_lines": []}, "AdvanceDirectiveObservation._add_custodian_participant": {"executed_lines": [280, 287, 294, 295, 296, 297, 298, 299, 300, 301, 302, 303, 304, 307, 308, 309, 310, 313, 314, 315, 316, 319, 320, 321], "summary": {"covered_lines": 24, "num_statements": 24, "percent_covered": 100.0, "percent_covered_display": "100", "missing_lines": 0, "excluded_lines": 0}, "missing_lines": [], "excluded_lines": []}, "AdvanceDirectiveObservation._add_document_reference": {"executed_lines": [339, 346, 349, 350, 351, 354, 356, 357, 360, 361, 363, 365, 366, 367, 369], "summary": {"covered_lines": 15, "num_statements": 15, "percent_covered": 100.0, "percent_covered_display": "100", "missing_lines": 0, "excluded_lines": 0}, "missing_lines": [], "excluded_lines": []}, "AdvanceDirectiveObservation._get_code_system_oid": {"executed_lines": [382, 383, 385, 390], "summary": {"covered_lines": 4, "num_statements": 4, "percent_covered": 100.0, "percent_covered_display": "100", "missing_lines": 0, "excluded_lines": 0}, "missing_lines": [], "excluded_lines": []}, "": {"executed_lines": [1, 3, 5, 6, 7, 11, 14, 15, 26, 44, 45, 47, 64, 126, 141, 173, 202, 227, 264, 323, 371], "summary": {"covered_lines": 19, "num_statements": 19, "percent_covered": 100.0, "percent_covered_display": "100", "missing_lines": 0, "excluded_lines": 0}, "missing_lines": [], "excluded_lines": []}}, "classes": {"AdvanceDirectiveObservation": {"executed_lines": [61, 62, 87, 94, 97, 100, 103, 104, 107, 110, 113, 114, 117, 118, 121, 122, 124, 133, 135, 139, 153, 156, 157, 158, 159, 160, 163, 164, 165, 168, 169, 170, 171, 185, 188, 189, 190, 192, 195, 196, 197, 200, 212, 213, 216, 217, 218, 219, 220, 223, 224, 225, 240, 247, 248, 251, 252, 253, 256, 259, 260, 261, 262, 280, 287, 294, 295, 296, 297, 298, 299, 300, 301, 302, 303, 304, 307, 308, 309, 310, 313, 314, 315, 316, 319, 320, 321, 339, 346, 349, 350, 351, 354, 356, 357, 360, 361, 363, 365, 366, 367, 369, 382, 383, 385, 390], "summary": {"covered_lines": 106, "num_statements": 106, "percent_covered": 100.0, "percent_covered_display": "100", "missing_lines": 0, "excluded_lines": 0}, "missing_lines": [], "excluded_lines": []}, "": {"executed_lines": [1, 3, 5, 6, 7, 11, 14, 15, 26, 44, 45, 47, 64, 126, 141, 173, 202, 227, 264, 323, 371], "summary": {"covered_lines": 19, "num_statements": 19, "percent_covered": 100.0, "percent_covered_display": "100", "missing_lines": 0, "excluded_lines": 0}, "missing_lines": [], "excluded_lines": []}}}, "ccdakit/builders/entries/allergy.py": {"executed_lines": [1, 3, 5, 6, 7, 11, 14, 15, 23, 41, 42, 43, 46, 52, 60, 66, 80, 81, 83, 91, 98, 101, 104, 107, 108, 109, 112, 113, 116, 119, 122, 123, 126, 127, 129, 131, 138, 140, 144, 146, 153, 154, 155, 156, 157, 159, 166, 167, 169, 176, 177, 179, 180, 182, 183, 184, 185, 186, 187, 190, 191, 192, 194, 201, 207, 213, 220, 222, 223, 226, 227, 228, 229, 232, 233, 234, 236, 243, 250, 258, 259, 260, 261, 264, 265, 266, 269, 270, 273, 274, 277, 278, 279, 280, 281, 283, 291, 293, 300, 308, 309, 310, 311, 314, 315, 316, 317, 320, 321, 324, 325, 328, 329, 331, 332, 334, 335, 336, 337, 338, 339, 342, 343, 344, 346, 356, 362, 364, 374], "summary": {"covered_lines": 127, "num_statements": 127, "percent_covered": 100.0, "percent_covered_display": "100", "missing_lines": 0, "excluded_lines": 0}, "missing_lines": [], "excluded_lines": [], "functions": {"AllergyObservation.__init__": {"executed_lines": [80, 81], "summary": {"covered_lines": 2, "num_statements": 2, "percent_covered": 100.0, "percent_covered_display": "100", "missing_lines": 0, "excluded_lines": 0}, "missing_lines": [], "excluded_lines": []}, "AllergyObservation.build": {"executed_lines": [91, 98, 101, 104, 107, 108, 109, 112, 113, 116, 119, 122, 123, 126, 127, 129], "summary": {"covered_lines": 16, "num_statements": 16, "percent_covered": 100.0, "percent_covered_display": "100", "missing_lines": 0, "excluded_lines": 0}, "missing_lines": [], "excluded_lines": []}, "AllergyObservation._add_id": {"executed_lines": [138, 140, 144], "summary": {"covered_lines": 3, "num_statements": 3, "percent_covered": 100.0, "percent_covered_display": "100", "missing_lines": 0, "excluded_lines": 0}, "missing_lines": [], "excluded_lines": []}, "AllergyObservation._add_observation_code": {"executed_lines": [153, 154, 155, 156, 157], "summary": {"covered_lines": 5, "num_statements": 5, "percent_covered": 100.0, "percent_covered_display": "100", "missing_lines": 0, "excluded_lines": 0}, "missing_lines": [], "excluded_lines": []}, "AllergyObservation._add_effective_time": {"executed_lines": [166, 167], "summary": {"covered_lines": 2, "num_statements": 2, "percent_covered": 100.0, "percent_covered_display": "100", "missing_lines": 0, "excluded_lines": 0}, "missing_lines": [], "excluded_lines": []}, "AllergyObservation._add_value": {"executed_lines": [176, 177, 179, 180, 182, 183, 184, 185, 186, 187, 190, 191, 192], "summary": {"covered_lines": 13, "num_statements": 13, "percent_covered": 100.0, "percent_covered_display": "100", "missing_lines": 0, "excluded_lines": 0}, "missing_lines": [], "excluded_lines": []}, "AllergyObservation._add_allergen_participant": {"executed_lines": [201, 207, 213, 220, 222, 223, 226, 227, 228, 229, 232, 233, 234], "summary": {"covered_lines": 13, "num_statements": 13, "percent_covered": 100.0, "percent_covered_display": "100", "missing_lines": 0, "excluded_lines": 0}, "missing_lines": [], "excluded_lines": []}, "AllergyObservation._add_reaction": {"executed_lines": [243, 250, 258, 259, 260, 261, 264, 265, 266, 269, 270, 273, 274, 277, 278, 279, 280, 281], "summary": {"covered_lines": 18, "num_statements": 18, "percent_covered": 100.0, "percent_covered_display": "100", "missing_lines": 0, "excluded_lines": 0}, "missing_lines": [], "excluded_lines": []}, "AllergyObservation._add_severity": {"executed_lines": [291, 293, 300, 308, 309, 310, 311, 314, 315, 316, 317, 320, 321, 324, 325, 328, 329, 331, 332, 334, 335, 336, 337, 338, 339, 342, 343, 344], "summary": {"covered_lines": 28, "num_statements": 28, "percent_covered": 100.0, "percent_covered_display": "100", "missing_lines": 0, "excluded_lines": 0}, "missing_lines": [], "excluded_lines": []}, "AllergyObservation._get_code_system_oid": {"executed_lines": [356, 362], "summary": {"covered_lines": 2, "num_statements": 2, "percent_covered": 100.0, "percent_covered_display": "100", "missing_lines": 0, "excluded_lines": 0}, "missing_lines": [], "excluded_lines": []}, "AllergyObservation._map_status": {"executed_lines": [374], "summary": {"covered_lines": 1, "num_statements": 1, "percent_covered": 100.0, "percent_covered_display": "100", "missing_lines": 0, "excluded_lines": 0}, "missing_lines": [], "excluded_lines": []}, "": {"executed_lines": [1, 3, 5, 6, 7, 11, 14, 15, 23, 41, 42, 43, 46, 52, 60, 66, 83, 131, 146, 159, 169, 194, 236, 283, 346, 364], "summary": {"covered_lines": 24, "num_statements": 24, "percent_covered": 100.0, "percent_covered_display": "100", "missing_lines": 0, "excluded_lines": 0}, "missing_lines": [], "excluded_lines": []}}, "classes": {"AllergyObservation": {"executed_lines": [80, 81, 91, 98, 101, 104, 107, 108, 109, 112, 113, 116, 119, 122, 123, 126, 127, 129, 138, 140, 144, 153, 154, 155, 156, 157, 166, 167, 176, 177, 179, 180, 182, 183, 184, 185, 186, 187, 190, 191, 192, 201, 207, 213, 220, 222, 223, 226, 227, 228, 229, 232, 233, 234, 243, 250, 258, 259, 260, 261, 264, 265, 266, 269, 270, 273, 274, 277, 278, 279, 280, 281, 291, 293, 300, 308, 309, 310, 311, 314, 315, 316, 317, 320, 321, 324, 325, 328, 329, 331, 332, 334, 335, 336, 337, 338, 339, 342, 343, 344, 356, 362, 374], "summary": {"covered_lines": 103, "num_statements": 103, "percent_covered": 100.0, "percent_covered_display": "100", "missing_lines": 0, "excluded_lines": 0}, "missing_lines": [], "excluded_lines": []}, "": {"executed_lines": [1, 3, 5, 6, 7, 11, 14, 15, 23, 41, 42, 43, 46, 52, 60, 66, 83, 131, 146, 159, 169, 194, 236, 283, 346, 364], "summary": {"covered_lines": 24, "num_statements": 24, "percent_covered": 100.0, "percent_covered_display": "100", "missing_lines": 0, "excluded_lines": 0}, "missing_lines": [], "excluded_lines": []}}}, "ccdakit/builders/entries/anesthesia_entry.py": {"executed_lines": [1, 3, 5, 6, 7, 11, 14, 15, 28, 46, 47, 50, 57, 64, 72, 86, 87, 89, 97, 104, 107, 110, 113, 114, 115, 118, 119, 122, 123, 126, 127, 129, 131, 138, 140, 144, 146, 154, 159, 164, 165, 167, 174, 178, 180, 188, 189, 192, 193, 195, 202, 204, 205, 207, 210, 211, 212, 215, 216, 219, 222, 223, 224, 225, 226, 229, 230, 233, 234, 236, 237, 240, 241, 244, 245, 247, 257], "summary": {"covered_lines": 75, "num_statements": 75, "percent_covered": 100.0, "percent_covered_display": "100", "missing_lines": 0, "excluded_lines": 0}, "missing_lines": [], "excluded_lines": [], "functions": {"AnesthesiaProcedure.__init__": {"executed_lines": [86, 87], "summary": {"covered_lines": 2, "num_statements": 2, "percent_covered": 100.0, "percent_covered_display": "100", "missing_lines": 0, "excluded_lines": 0}, "missing_lines": [], "excluded_lines": []}, "AnesthesiaProcedure.build": {"executed_lines": [97, 104, 107, 110, 113, 114, 115, 118, 119, 122, 123, 126, 127, 129], "summary": {"covered_lines": 14, "num_statements": 14, "percent_covered": 100.0, "percent_covered_display": "100", "missing_lines": 0, "excluded_lines": 0}, "missing_lines": [], "excluded_lines": []}, "AnesthesiaProcedure._add_id": {"executed_lines": [138, 140, 144], "summary": {"covered_lines": 3, "num_statements": 3, "percent_covered": 100.0, "percent_covered_display": "100", "missing_lines": 0, "excluded_lines": 0}, "missing_lines": [], "excluded_lines": []}, "AnesthesiaProcedure._add_code": {"executed_lines": [154, 159, 164, 165], "summary": {"covered_lines": 4, "num_statements": 4, "percent_covered": 100.0, "percent_covered_display": "100", "missing_lines": 0, "excluded_lines": 0}, "missing_lines": [], "excluded_lines": []}, "AnesthesiaProcedure._add_effective_time": {"executed_lines": [174, 178], "summary": {"covered_lines": 2, "num_statements": 2, "percent_covered": 100.0, "percent_covered_display": "100", "missing_lines": 0, "excluded_lines": 0}, "missing_lines": [], "excluded_lines": []}, "AnesthesiaProcedure._add_route_code": {"executed_lines": [188, 189, 192, 193], "summary": {"covered_lines": 4, "num_statements": 4, "percent_covered": 100.0, "percent_covered_display": "100", "missing_lines": 0, "excluded_lines": 0}, "missing_lines": [], "excluded_lines": []}, "AnesthesiaProcedure._add_performer": {"executed_lines": [202, 204, 205, 207, 210, 211, 212, 215, 216, 219, 222, 223, 224, 225, 226, 229, 230, 233, 234, 236, 237, 240, 241, 244, 245], "summary": {"covered_lines": 25, "num_statements": 25, "percent_covered": 100.0, "percent_covered_display": "100", "missing_lines": 0, "excluded_lines": 0}, "missing_lines": [], "excluded_lines": []}, "AnesthesiaProcedure._map_status": {"executed_lines": [257], "summary": {"covered_lines": 1, "num_statements": 1, "percent_covered": 100.0, "percent_covered_display": "100", "missing_lines": 0, "excluded_lines": 0}, "missing_lines": [], "excluded_lines": []}, "": {"executed_lines": [1, 3, 5, 6, 7, 11, 14, 15, 28, 46, 47, 50, 57, 64, 72, 89, 131, 146, 167, 180, 195, 247], "summary": {"covered_lines": 20, "num_statements": 20, "percent_covered": 100.0, "percent_covered_display": "100", "missing_lines": 0, "excluded_lines": 0}, "missing_lines": [], "excluded_lines": []}}, "classes": {"AnesthesiaProcedure": {"executed_lines": [86, 87, 97, 104, 107, 110, 113, 114, 115, 118, 119, 122, 123, 126, 127, 129, 138, 140, 144, 154, 159, 164, 165, 174, 178, 188, 189, 192, 193, 202, 204, 205, 207, 210, 211, 212, 215, 216, 219, 222, 223, 224, 225, 226, 229, 230, 233, 234, 236, 237, 240, 241, 244, 245, 257], "summary": {"covered_lines": 55, "num_statements": 55, "percent_covered": 100.0, "percent_covered_display": "100", "missing_lines": 0, "excluded_lines": 0}, "missing_lines": [], "excluded_lines": []}, "": {"executed_lines": [1, 3, 5, 6, 7, 11, 14, 15, 28, 46, 47, 50, 57, 64, 72, 89, 131, 146, 167, 180, 195, 247], "summary": {"covered_lines": 20, "num_statements": 20, "percent_covered": 100.0, "percent_covered_display": "100", "missing_lines": 0, "excluded_lines": 0}, "missing_lines": [], "excluded_lines": []}}}, "ccdakit/builders/entries/complication_entry.py": {"executed_lines": [1, 7, 9, 10, 11, 14, 15, 25, 44], "summary": {"covered_lines": 7, "num_statements": 11, "percent_covered": 63.63636363636363, "percent_covered_display": "64", "missing_lines": 4, "excluded_lines": 0}, "missing_lines": [39, 40, 42, 51], "excluded_lines": [], "functions": {"ComplicationObservation.__init__": {"executed_lines": [], "summary": {"covered_lines": 0, "num_statements": 3, "percent_covered": 0.0, "percent_covered_display": "0", "missing_lines": 3, "excluded_lines": 0}, "missing_lines": [39, 40, 42], "excluded_lines": []}, "ComplicationObservation.build": {"executed_lines": [], "summary": {"covered_lines": 0, "num_statements": 1, "percent_covered": 0.0, "percent_covered_display": "0", "missing_lines": 1, "excluded_lines": 0}, "missing_lines": [51], "excluded_lines": []}, "": {"executed_lines": [1, 7, 9, 10, 11, 14, 15, 25, 44], "summary": {"covered_lines": 7, "num_statements": 7, "percent_covered": 100.0, "percent_covered_display": "100", "missing_lines": 0, "excluded_lines": 0}, "missing_lines": [], "excluded_lines": []}}, "classes": {"ComplicationObservation": {"executed_lines": [], "summary": {"covered_lines": 0, "num_statements": 4, "percent_covered": 0.0, "percent_covered_display": "0", "missing_lines": 4, "excluded_lines": 0}, "missing_lines": [39, 40, 42, 51], "excluded_lines": []}, "": {"executed_lines": [1, 7, 9, 10, 11, 14, 15, 25, 44], "summary": {"covered_lines": 7, "num_statements": 7, "percent_covered": 100.0, "percent_covered_display": "100", "missing_lines": 0, "excluded_lines": 0}, "missing_lines": [], "excluded_lines": []}}}, "ccdakit/builders/entries/coverage_activity.py": {"executed_lines": [1, 3, 4, 5, 7, 9, 10, 11, 15, 16, 19, 20, 34, 51, 67, 68, 69, 71, 89, 96, 99, 102, 107, 108, 111, 115, 120, 122, 124, 134, 138, 140, 153, 160, 161, 162, 165, 166, 169, 170, 181, 198, 212, 213, 215, 235, 242, 245, 248, 251, 254, 257, 260, 261, 264, 266, 268, 271, 272, 276, 278, 285, 288, 289, 290, 291, 294, 295, 296, 299, 300, 301, 302, 303, 305, 316, 319, 320, 323, 326, 330, 333, 334, 335, 336, 339, 342, 343, 345, 357, 360, 361, 364, 365, 366, 367, 368, 369, 370, 371, 374, 377, 381, 384, 385, 386, 387, 388, 389, 390, 396, 398, 409, 412, 413, 416, 419, 423, 425, 435, 442, 450, 451, 455, 458, 459], "summary": {"covered_lines": 123, "num_statements": 128, "percent_covered": 96.09375, "percent_covered_display": "96", "missing_lines": 5, "excluded_lines": 0}, "missing_lines": [116, 117, 391, 392, 393], "excluded_lines": [], "functions": {"CoverageActivity.__init__": {"executed_lines": [67, 68, 69], "summary": {"covered_lines": 3, "num_statements": 3, "percent_covered": 100.0, "percent_covered_display": "100", "missing_lines": 0, "excluded_lines": 0}, "missing_lines": [], "excluded_lines": []}, "CoverageActivity.build": {"executed_lines": [89, 96, 99, 102, 107, 108, 111, 115, 120, 122], "summary": {"covered_lines": 10, "num_statements": 12, "percent_covered": 83.33333333333333, "percent_covered_display": "83", "missing_lines": 2, "excluded_lines": 0}, "missing_lines": [116, 117], "excluded_lines": []}, "CoverageActivity._add_id": {"executed_lines": [134, 138], "summary": {"covered_lines": 2, "num_statements": 2, "percent_covered": 100.0, "percent_covered_display": "100", "missing_lines": 0, "excluded_lines": 0}, "missing_lines": [], "excluded_lines": []}, "CoverageActivity._add_policy_activity": {"executed_lines": [153, 160, 161, 162, 165, 166], "summary": {"covered_lines": 6, "num_statements": 6, "percent_covered": 100.0, "percent_covered_display": "100", "missing_lines": 0, "excluded_lines": 0}, "missing_lines": [], "excluded_lines": []}, "PolicyActivity.__init__": {"executed_lines": [212, 213], "summary": {"covered_lines": 2, "num_statements": 2, "percent_covered": 100.0, "percent_covered_display": "100", "missing_lines": 0, "excluded_lines": 0}, "missing_lines": [], "excluded_lines": []}, "PolicyActivity.build": {"executed_lines": [235, 242, 245, 248, 251, 254, 257, 260, 261, 264, 266], "summary": {"covered_lines": 11, "num_statements": 11, "percent_covered": 100.0, "percent_covered_display": "100", "missing_lines": 0, "excluded_lines": 0}, "missing_lines": [], "excluded_lines": []}, "PolicyActivity._add_id": {"executed_lines": [271, 272, 276], "summary": {"covered_lines": 3, "num_statements": 3, "percent_covered": 100.0, "percent_covered_display": "100", "missing_lines": 0, "excluded_lines": 0}, "missing_lines": [], "excluded_lines": []}, "PolicyActivity._add_code": {"executed_lines": [285, 288, 289, 290, 291, 294, 295, 296, 299, 300, 301, 302, 303], "summary": {"covered_lines": 13, "num_statements": 13, "percent_covered": 100.0, "percent_covered_display": "100", "missing_lines": 0, "excluded_lines": 0}, "missing_lines": [], "excluded_lines": []}, "PolicyActivity._add_payer_performer": {"executed_lines": [316, 319, 320, 323, 326, 330, 333, 334, 335, 336, 339, 342, 343], "summary": {"covered_lines": 13, "num_statements": 13, "percent_covered": 100.0, "percent_covered_display": "100", "missing_lines": 0, "excluded_lines": 0}, "missing_lines": [], "excluded_lines": []}, "PolicyActivity._add_covered_party_participant": {"executed_lines": [357, 360, 361, 364, 365, 366, 367, 368, 369, 370, 371, 374, 377, 381, 384, 385, 386, 387, 388, 389, 390, 396], "summary": {"covered_lines": 22, "num_statements": 25, "percent_covered": 88.0, "percent_covered_display": "88", "missing_lines": 3, "excluded_lines": 0}, "missing_lines": [391, 392, 393], "excluded_lines": []}, "PolicyActivity._add_subscriber_participant": {"executed_lines": [409, 412, 413, 416, 419, 423], "summary": {"covered_lines": 6, "num_statements": 6, "percent_covered": 100.0, "percent_covered_display": "100", "missing_lines": 0, "excluded_lines": 0}, "missing_lines": [], "excluded_lines": []}, "PolicyActivity._add_authorization_entry": {"executed_lines": [435, 442, 450, 451, 455, 458, 459], "summary": {"covered_lines": 7, "num_statements": 7, "percent_covered": 100.0, "percent_covered_display": "100", "missing_lines": 0, "excluded_lines": 0}, "missing_lines": [], "excluded_lines": []}, "": {"executed_lines": [1, 3, 4, 5, 7, 9, 10, 11, 15, 16, 19, 20, 34, 51, 71, 124, 140, 169, 170, 181, 198, 215, 268, 278, 305, 345, 398, 425], "summary": {"covered_lines": 25, "num_statements": 25, "percent_covered": 100.0, "percent_covered_display": "100", "missing_lines": 0, "excluded_lines": 0}, "missing_lines": [], "excluded_lines": []}}, "classes": {"CoverageActivity": {"executed_lines": [67, 68, 69, 89, 96, 99, 102, 107, 108, 111, 115, 120, 122, 134, 138, 153, 160, 161, 162, 165, 166], "summary": {"covered_lines": 21, "num_statements": 23, "percent_covered": 91.30434782608695, "percent_covered_display": "91", "missing_lines": 2, "excluded_lines": 0}, "missing_lines": [116, 117], "excluded_lines": []}, "PolicyActivity": {"executed_lines": [212, 213, 235, 242, 245, 248, 251, 254, 257, 260, 261, 264, 266, 271, 272, 276, 285, 288, 289, 290, 291, 294, 295, 296, 299, 300, 301, 302, 303, 316, 319, 320, 323, 326, 330, 333, 334, 335, 336, 339, 342, 343, 357, 360, 361, 364, 365, 366, 367, 368, 369, 370, 371, 374, 377, 381, 384, 385, 386, 387, 388, 389, 390, 396, 409, 412, 413, 416, 419, 423, 435, 442, 450, 451, 455, 458, 459], "summary": {"covered_lines": 77, "num_statements": 80, "percent_covered": 96.25, "percent_covered_display": "96", "missing_lines": 3, "excluded_lines": 0}, "missing_lines": [391, 392, 393], "excluded_lines": []}, "": {"executed_lines": [1, 3, 4, 5, 7, 9, 10, 11, 15, 16, 19, 20, 34, 51, 71, 124, 140, 169, 170, 181, 198, 215, 268, 278, 305, 345, 398, 425], "summary": {"covered_lines": 25, "num_statements": 25, "percent_covered": 100.0, "percent_covered_display": "100", "missing_lines": 0, "excluded_lines": 0}, "missing_lines": [], "excluded_lines": []}}}, "ccdakit/builders/entries/discharge_diagnosis_entry.py": {"executed_lines": [1, 3, 5, 7, 8, 9, 13, 16, 17, 28, 45, 59, 60, 62, 70, 77, 80, 83, 84, 85, 86, 87, 90, 91, 98, 99, 101, 103, 110, 113, 114, 115], "summary": {"covered_lines": 30, "num_statements": 30, "percent_covered": 100.0, "percent_covered_display": "100", "missing_lines": 0, "excluded_lines": 0}, "missing_lines": [], "excluded_lines": [], "functions": {"HospitalDischargeDiagnosis.__init__": {"executed_lines": [59, 60], "summary": {"covered_lines": 2, "num_statements": 2, "percent_covered": 100.0, "percent_covered_display": "100", "missing_lines": 0, "excluded_lines": 0}, "missing_lines": [], "excluded_lines": []}, "HospitalDischargeDiagnosis.build": {"executed_lines": [70, 77, 80, 83, 84, 85, 86, 87, 90, 91, 98, 99, 101], "summary": {"covered_lines": 13, "num_statements": 13, "percent_covered": 100.0, "percent_covered_display": "100", "missing_lines": 0, "excluded_lines": 0}, "missing_lines": [], "excluded_lines": []}, "HospitalDischargeDiagnosis._add_ids": {"executed_lines": [110, 113, 114, 115], "summary": {"covered_lines": 4, "num_statements": 4, "percent_covered": 100.0, "percent_covered_display": "100", "missing_lines": 0, "excluded_lines": 0}, "missing_lines": [], "excluded_lines": []}, "": {"executed_lines": [1, 3, 5, 7, 8, 9, 13, 16, 17, 28, 45, 62, 103], "summary": {"covered_lines": 11, "num_statements": 11, "percent_covered": 100.0, "percent_covered_display": "100", "missing_lines": 0, "excluded_lines": 0}, "missing_lines": [], "excluded_lines": []}}, "classes": {"HospitalDischargeDiagnosis": {"executed_lines": [59, 60, 70, 77, 80, 83, 84, 85, 86, 87, 90, 91, 98, 99, 101, 110, 113, 114, 115], "summary": {"covered_lines": 19, "num_statements": 19, "percent_covered": 100.0, "percent_covered_display": "100", "missing_lines": 0, "excluded_lines": 0}, "missing_lines": [], "excluded_lines": []}, "": {"executed_lines": [1, 3, 5, 7, 8, 9, 13, 16, 17, 28, 45, 62, 103], "summary": {"covered_lines": 11, "num_statements": 11, "percent_covered": 100.0, "percent_covered_display": "100", "missing_lines": 0, "excluded_lines": 0}, "missing_lines": [], "excluded_lines": []}}}, "ccdakit/builders/entries/discharge_medication.py": {"executed_lines": [1, 3, 5, 6, 7, 11, 14, 15, 28, 46, 48, 62, 63, 65, 73, 80, 83, 86, 87, 90, 92, 94, 102, 105, 108, 109, 110, 113, 116, 119, 120, 121, 123, 131, 138, 139], "summary": {"covered_lines": 34, "num_statements": 34, "percent_covered": 100.0, "percent_covered_display": "100", "missing_lines": 0, "excluded_lines": 0}, "missing_lines": [], "excluded_lines": [], "functions": {"DischargeMedication.__init__": {"executed_lines": [62, 63], "summary": {"covered_lines": 2, "num_statements": 2, "percent_covered": 100.0, "percent_covered_display": "100", "missing_lines": 0, "excluded_lines": 0}, "missing_lines": [], "excluded_lines": []}, "DischargeMedication.build": {"executed_lines": [73, 80, 83, 86, 87, 90, 92], "summary": {"covered_lines": 7, "num_statements": 7, "percent_covered": 100.0, "percent_covered_display": "100", "missing_lines": 0, "excluded_lines": 0}, "missing_lines": [], "excluded_lines": []}, "DischargeMedication._add_code": {"executed_lines": [102, 105, 108, 109, 110, 113, 116, 119, 120, 121], "summary": {"covered_lines": 10, "num_statements": 10, "percent_covered": 100.0, "percent_covered_display": "100", "missing_lines": 0, "excluded_lines": 0}, "missing_lines": [], "excluded_lines": []}, "DischargeMedication._add_medication_activity": {"executed_lines": [131, 138, 139], "summary": {"covered_lines": 3, "num_statements": 3, "percent_covered": 100.0, "percent_covered_display": "100", "missing_lines": 0, "excluded_lines": 0}, "missing_lines": [], "excluded_lines": []}, "": {"executed_lines": [1, 3, 5, 6, 7, 11, 14, 15, 28, 46, 48, 65, 94, 123], "summary": {"covered_lines": 12, "num_statements": 12, "percent_covered": 100.0, "percent_covered_display": "100", "missing_lines": 0, "excluded_lines": 0}, "missing_lines": [], "excluded_lines": []}}, "classes": {"DischargeMedication": {"executed_lines": [62, 63, 73, 80, 83, 86, 87, 90, 92, 102, 105, 108, 109, 110, 113, 116, 119, 120, 121, 131, 138, 139], "summary": {"covered_lines": 22, "num_statements": 22, "percent_covered": 100.0, "percent_covered_display": "100", "missing_lines": 0, "excluded_lines": 0}, "missing_lines": [], "excluded_lines": []}, "": {"executed_lines": [1, 3, 5, 6, 7, 11, 14, 15, 28, 46, 48, 65, 94, 123], "summary": {"covered_lines": 12, "num_statements": 12, "percent_covered": 100.0, "percent_covered_display": "100", "missing_lines": 0, "excluded_lines": 0}, "missing_lines": [], "excluded_lines": []}}}, "ccdakit/builders/entries/encounter.py": {"executed_lines": [1, 3, 5, 6, 7, 11, 13, 16, 17, 27, 45, 46, 47, 50, 61, 71, 85, 86, 88, 96, 103, 106, 109, 112, 115, 116, 119, 120, 123, 124, 126, 128, 135, 137, 141, 143, 151, 156, 161, 162, 164, 174, 176, 179, 180, 181, 183, 186, 189, 190, 192, 195, 196, 198, 199, 201, 208, 210, 211, 213, 216, 217, 218, 221, 222, 225, 226, 228, 229, 232, 233, 239, 246, 249, 252, 259, 260, 263, 264, 265, 268, 269, 272, 275, 276, 278, 287, 290], "summary": {"covered_lines": 86, "num_statements": 88, "percent_covered": 97.72727272727273, "percent_covered_display": "98", "missing_lines": 2, "excluded_lines": 0}, "missing_lines": [236, 237], "excluded_lines": [], "functions": {"EncounterActivity.__init__": {"executed_lines": [85, 86], "summary": {"covered_lines": 2, "num_statements": 2, "percent_covered": 100.0, "percent_covered_display": "100", "missing_lines": 0, "excluded_lines": 0}, "missing_lines": [], "excluded_lines": []}, "EncounterActivity.build": {"executed_lines": [96, 103, 106, 109, 112, 115, 116, 119, 120, 123, 124, 126], "summary": {"covered_lines": 12, "num_statements": 12, "percent_covered": 100.0, "percent_covered_display": "100", "missing_lines": 0, "excluded_lines": 0}, "missing_lines": [], "excluded_lines": []}, "EncounterActivity._add_id": {"executed_lines": [135, 137, 141], "summary": {"covered_lines": 3, "num_statements": 3, "percent_covered": 100.0, "percent_covered_display": "100", "missing_lines": 0, "excluded_lines": 0}, "missing_lines": [], "excluded_lines": []}, "EncounterActivity._add_code": {"executed_lines": [151, 156, 161, 162], "summary": {"covered_lines": 4, "num_statements": 4, "percent_covered": 100.0, "percent_covered_display": "100", "missing_lines": 0, "excluded_lines": 0}, "missing_lines": [], "excluded_lines": []}, "EncounterActivity._add_effective_time": {"executed_lines": [174, 176, 179, 180, 181, 183, 186, 189, 190, 192, 195, 196, 198, 199], "summary": {"covered_lines": 14, "num_statements": 14, "percent_covered": 100.0, "percent_covered_display": "100", "missing_lines": 0, "excluded_lines": 0}, "missing_lines": [], "excluded_lines": []}, "EncounterActivity._add_performer": {"executed_lines": [208, 210, 211, 213, 216, 217, 218, 221, 222, 225, 226, 228, 229, 232, 233], "summary": {"covered_lines": 15, "num_statements": 17, "percent_covered": 88.23529411764706, "percent_covered_display": "88", "missing_lines": 2, "excluded_lines": 0}, "missing_lines": [236, 237], "excluded_lines": []}, "EncounterActivity._add_location": {"executed_lines": [246, 249, 252, 259, 260, 263, 264, 265, 268, 269, 272, 275, 276], "summary": {"covered_lines": 13, "num_statements": 13, "percent_covered": 100.0, "percent_covered_display": "100", "missing_lines": 0, "excluded_lines": 0}, "missing_lines": [], "excluded_lines": []}, "EncounterActivity._add_discharge_disposition": {"executed_lines": [287, 290], "summary": {"covered_lines": 2, "num_statements": 2, "percent_covered": 100.0, "percent_covered_display": "100", "missing_lines": 0, "excluded_lines": 0}, "missing_lines": [], "excluded_lines": []}, "": {"executed_lines": [1, 3, 5, 6, 7, 11, 13, 16, 17, 27, 45, 46, 47, 50, 61, 71, 88, 128, 143, 164, 201, 239, 278], "summary": {"covered_lines": 21, "num_statements": 21, "percent_covered": 100.0, "percent_covered_display": "100", "missing_lines": 0, "excluded_lines": 0}, "missing_lines": [], "excluded_lines": []}}, "classes": {"EncounterActivity": {"executed_lines": [85, 86, 96, 103, 106, 109, 112, 115, 116, 119, 120, 123, 124, 126, 135, 137, 141, 151, 156, 161, 162, 174, 176, 179, 180, 181, 183, 186, 189, 190, 192, 195, 196, 198, 199, 208, 210, 211, 213, 216, 217, 218, 221, 222, 225, 226, 228, 229, 232, 233, 246, 249, 252, 259, 260, 263, 264, 265, 268, 269, 272, 275, 276, 287, 290], "summary": {"covered_lines": 65, "num_statements": 67, "percent_covered": 97.01492537313433, "percent_covered_display": "97", "missing_lines": 2, "excluded_lines": 0}, "missing_lines": [236, 237], "excluded_lines": []}, "": {"executed_lines": [1, 3, 5, 6, 7, 11, 13, 16, 17, 27, 45, 46, 47, 50, 61, 71, 88, 128, 143, 164, 201, 239, 278], "summary": {"covered_lines": 21, "num_statements": 21, "percent_covered": 100.0, "percent_covered_display": "100", "missing_lines": 0, "excluded_lines": 0}, "missing_lines": [], "excluded_lines": []}}}, "ccdakit/builders/entries/entry_reference.py": {"executed_lines": [1, 3, 5, 9, 12, 13, 32, 49, 65, 66, 67, 69, 77, 84, 87, 88, 89, 93, 94, 98, 99, 101], "summary": {"covered_lines": 20, "num_statements": 20, "percent_covered": 100.0, "percent_covered_display": "100", "missing_lines": 0, "excluded_lines": 0}, "missing_lines": [], "excluded_lines": [], "functions": {"EntryReference.__init__": {"executed_lines": [65, 66, 67], "summary": {"covered_lines": 3, "num_statements": 3, "percent_covered": 100.0, "percent_covered_display": "100", "missing_lines": 0, "excluded_lines": 0}, "missing_lines": [], "excluded_lines": []}, "EntryReference.build": {"executed_lines": [77, 84, 87, 88, 89, 93, 94, 98, 99, 101], "summary": {"covered_lines": 10, "num_statements": 10, "percent_covered": 100.0, "percent_covered_display": "100", "missing_lines": 0, "excluded_lines": 0}, "missing_lines": [], "excluded_lines": []}, "": {"executed_lines": [1, 3, 5, 9, 12, 13, 32, 49, 69], "summary": {"covered_lines": 7, "num_statements": 7, "percent_covered": 100.0, "percent_covered_display": "100", "missing_lines": 0, "excluded_lines": 0}, "missing_lines": [], "excluded_lines": []}}, "classes": {"EntryReference": {"executed_lines": [65, 66, 67, 77, 84, 87, 88, 89, 93, 94, 98, 99, 101], "summary": {"covered_lines": 13, "num_statements": 13, "percent_covered": 100.0, "percent_covered_display": "100", "missing_lines": 0, "excluded_lines": 0}, "missing_lines": [], "excluded_lines": []}, "": {"executed_lines": [1, 3, 5, 9, 12, 13, 32, 49, 69], "summary": {"covered_lines": 7, "num_statements": 7, "percent_covered": 100.0, "percent_covered_display": "100", "missing_lines": 0, "excluded_lines": 0}, "missing_lines": [], "excluded_lines": []}}}, "ccdakit/builders/entries/family_member_history.py": {"executed_lines": [1, 3, 5, 7, 8, 9, 16, 18, 21, 22, 32, 50, 51, 52, 54, 68, 69, 71, 89, 96, 99, 102, 105, 106, 109, 110, 111, 114, 117, 118, 121, 122, 124, 126, 134, 135, 136, 137, 140, 144, 146, 156, 157, 160, 165, 169, 170, 171, 172, 173, 175, 177, 185, 186, 187, 188, 189, 190, 191, 198, 202, 203, 204, 205, 206, 208, 218, 227, 235, 236, 239, 244, 245, 248, 249, 252, 253, 254, 255, 257, 267, 275, 283, 284, 287, 292, 293, 296, 297, 300, 301, 302, 303, 304, 305, 306, 307, 310, 312, 319, 327, 328, 331, 336, 337, 340, 341, 344, 345, 346, 347, 350, 351, 361, 378, 392, 393, 395, 412, 419, 422, 425, 426, 429, 432, 433, 435, 437, 445, 446, 447, 448, 451, 455, 457, 468, 471, 478, 479, 480, 481, 482, 485, 486, 488, 498, 501, 504, 505, 506, 507, 508, 511, 512, 513, 517, 520, 521, 525, 528, 529, 533, 535, 546, 549, 550], "summary": {"covered_lines": 163, "num_statements": 165, "percent_covered": 98.78787878787878, "percent_covered_display": "99", "missing_lines": 2, "excluded_lines": 0}, "missing_lines": [194, 195], "excluded_lines": [], "functions": {"FamilyHistoryObservation.__init__": {"executed_lines": [68, 69], "summary": {"covered_lines": 2, "num_statements": 2, "percent_covered": 100.0, "percent_covered_display": "100", "missing_lines": 0, "excluded_lines": 0}, "missing_lines": [], "excluded_lines": []}, "FamilyHistoryObservation.build": {"executed_lines": [89, 96, 99, 102, 105, 106, 109, 110, 111, 114, 117, 118, 121, 122, 124], "summary": {"covered_lines": 15, "num_statements": 15, "percent_covered": 100.0, "percent_covered_display": "100", "missing_lines": 0, "excluded_lines": 0}, "missing_lines": [], "excluded_lines": []}, "FamilyHistoryObservation._add_ids": {"executed_lines": [134, 135, 136, 137, 140, 144], "summary": {"covered_lines": 6, "num_statements": 6, "percent_covered": 100.0, "percent_covered_display": "100", "missing_lines": 0, "excluded_lines": 0}, "missing_lines": [], "excluded_lines": []}, "FamilyHistoryObservation._add_code": {"executed_lines": [156, 157, 160, 165, 169, 170, 171, 172, 173, 175], "summary": {"covered_lines": 10, "num_statements": 10, "percent_covered": 100.0, "percent_covered_display": "100", "missing_lines": 0, "excluded_lines": 0}, "missing_lines": [], "excluded_lines": []}, "FamilyHistoryObservation._add_value": {"executed_lines": [185, 186, 187, 188, 189, 190, 191, 198, 202, 203, 204, 205, 206], "summary": {"covered_lines": 13, "num_statements": 15, "percent_covered": 86.66666666666667, "percent_covered_display": "87", "missing_lines": 2, "excluded_lines": 0}, "missing_lines": [194, 195], "excluded_lines": []}, "FamilyHistoryObservation._add_age_observation": {"executed_lines": [218, 227, 235, 236, 239, 244, 245, 248, 249, 252, 253, 254, 255], "summary": {"covered_lines": 13, "num_statements": 13, "percent_covered": 100.0, "percent_covered_display": "100", "missing_lines": 0, "excluded_lines": 0}, "missing_lines": [], "excluded_lines": []}, "FamilyHistoryObservation._add_death_observation": {"executed_lines": [267, 275, 283, 284, 287, 292, 293, 296, 297, 300, 301, 302, 303, 304, 305, 306, 307, 310, 312, 319, 327, 328, 331, 336, 337, 340, 341, 344, 345, 346, 347], "summary": {"covered_lines": 31, "num_statements": 31, "percent_covered": 100.0, "percent_covered_display": "100", "missing_lines": 0, "excluded_lines": 0}, "missing_lines": [], "excluded_lines": []}, "FamilyHistoryOrganizer.__init__": {"executed_lines": [392, 393], "summary": {"covered_lines": 2, "num_statements": 2, "percent_covered": 100.0, "percent_covered_display": "100", "missing_lines": 0, "excluded_lines": 0}, "missing_lines": [], "excluded_lines": []}, "FamilyHistoryOrganizer.build": {"executed_lines": [412, 419, 422, 425, 426, 429, 432, 433, 435], "summary": {"covered_lines": 9, "num_statements": 9, "percent_covered": 100.0, "percent_covered_display": "100", "missing_lines": 0, "excluded_lines": 0}, "missing_lines": [], "excluded_lines": []}, "FamilyHistoryOrganizer._add_ids": {"executed_lines": [445, 446, 447, 448, 451, 455], "summary": {"covered_lines": 6, "num_statements": 6, "percent_covered": 100.0, "percent_covered_display": "100", "missing_lines": 0, "excluded_lines": 0}, "missing_lines": [], "excluded_lines": []}, "FamilyHistoryOrganizer._add_subject": {"executed_lines": [468, 471, 478, 479, 480, 481, 482, 485, 486], "summary": {"covered_lines": 9, "num_statements": 9, "percent_covered": 100.0, "percent_covered_display": "100", "missing_lines": 0, "excluded_lines": 0}, "missing_lines": [], "excluded_lines": []}, "FamilyHistoryOrganizer._add_subject_details": {"executed_lines": [498, 501, 504, 505, 506, 507, 508, 511, 512, 513, 517, 520, 521, 525, 528, 529, 533], "summary": {"covered_lines": 17, "num_statements": 17, "percent_covered": 100.0, "percent_covered_display": "100", "missing_lines": 0, "excluded_lines": 0}, "missing_lines": [], "excluded_lines": []}, "FamilyHistoryOrganizer._add_component": {"executed_lines": [546, 549, 550], "summary": {"covered_lines": 3, "num_statements": 3, "percent_covered": 100.0, "percent_covered_display": "100", "missing_lines": 0, "excluded_lines": 0}, "missing_lines": [], "excluded_lines": []}, "": {"executed_lines": [1, 3, 5, 7, 8, 9, 16, 18, 21, 22, 32, 50, 51, 52, 54, 71, 126, 146, 177, 208, 257, 350, 351, 361, 378, 395, 437, 457, 488, 535], "summary": {"covered_lines": 27, "num_statements": 27, "percent_covered": 100.0, "percent_covered_display": "100", "missing_lines": 0, "excluded_lines": 0}, "missing_lines": [], "excluded_lines": []}}, "classes": {"FamilyHistoryObservation": {"executed_lines": [68, 69, 89, 96, 99, 102, 105, 106, 109, 110, 111, 114, 117, 118, 121, 122, 124, 134, 135, 136, 137, 140, 144, 156, 157, 160, 165, 169, 170, 171, 172, 173, 175, 185, 186, 187, 188, 189, 190, 191, 198, 202, 203, 204, 205, 206, 218, 227, 235, 236, 239, 244, 245, 248, 249, 252, 253, 254, 255, 267, 275, 283, 284, 287, 292, 293, 296, 297, 300, 301, 302, 303, 304, 305, 306, 307, 310, 312, 319, 327, 328, 331, 336, 337, 340, 341, 344, 345, 346, 347], "summary": {"covered_lines": 90, "num_statements": 92, "percent_covered": 97.82608695652173, "percent_covered_display": "98", "missing_lines": 2, "excluded_lines": 0}, "missing_lines": [194, 195], "excluded_lines": []}, "FamilyHistoryOrganizer": {"executed_lines": [392, 393, 412, 419, 422, 425, 426, 429, 432, 433, 435, 445, 446, 447, 448, 451, 455, 468, 471, 478, 479, 480, 481, 482, 485, 486, 498, 501, 504, 505, 506, 507, 508, 511, 512, 513, 517, 520, 521, 525, 528, 529, 533, 546, 549, 550], "summary": {"covered_lines": 46, "num_statements": 46, "percent_covered": 100.0, "percent_covered_display": "100", "missing_lines": 0, "excluded_lines": 0}, "missing_lines": [], "excluded_lines": []}, "": {"executed_lines": [1, 3, 5, 7, 8, 9, 16, 18, 21, 22, 32, 50, 51, 52, 54, 71, 126, 146, 177, 208, 257, 350, 351, 361, 378, 395, 437, 457, 488, 535], "summary": {"covered_lines": 27, "num_statements": 27, "percent_covered": 100.0, "percent_covered_display": "100", "missing_lines": 0, "excluded_lines": 0}, "missing_lines": [], "excluded_lines": []}}}, "ccdakit/builders/entries/functional_status.py": {"executed_lines": [1, 3, 5, 6, 7, 14, 17, 18, 28, 46, 47, 50, 52, 66, 67, 69, 87, 94, 97, 100, 105, 106, 109, 110, 113, 114, 117, 119, 121, 128, 130, 134, 136, 147, 149, 156, 157, 158, 161, 162, 172, 190, 191, 193, 207, 208, 210, 227, 234, 237, 240, 243, 244, 247, 248, 250, 252, 259, 261, 265, 267, 278, 280, 281, 282, 283, 285, 301, 304, 305], "summary": {"covered_lines": 67, "num_statements": 67, "percent_covered": 100.0, "percent_covered_display": "100", "missing_lines": 0, "excluded_lines": 0}, "missing_lines": [], "excluded_lines": [], "functions": {"FunctionalStatusObservation.__init__": {"executed_lines": [66, 67], "summary": {"covered_lines": 2, "num_statements": 2, "percent_covered": 100.0, "percent_covered_display": "100", "missing_lines": 0, "excluded_lines": 0}, "missing_lines": [], "excluded_lines": []}, "FunctionalStatusObservation.build": {"executed_lines": [87, 94, 97, 100, 105, 106, 109, 110, 113, 114, 117, 119], "summary": {"covered_lines": 12, "num_statements": 12, "percent_covered": 100.0, "percent_covered_display": "100", "missing_lines": 0, "excluded_lines": 0}, "missing_lines": [], "excluded_lines": []}, "FunctionalStatusObservation._add_id": {"executed_lines": [128, 130, 134], "summary": {"covered_lines": 3, "num_statements": 3, "percent_covered": 100.0, "percent_covered_display": "100", "missing_lines": 0, "excluded_lines": 0}, "missing_lines": [], "excluded_lines": []}, "FunctionalStatusObservation._add_value": {"executed_lines": [147, 149, 156, 157, 158], "summary": {"covered_lines": 5, "num_statements": 5, "percent_covered": 100.0, "percent_covered_display": "100", "missing_lines": 0, "excluded_lines": 0}, "missing_lines": [], "excluded_lines": []}, "FunctionalStatusOrganizer.__init__": {"executed_lines": [207, 208], "summary": {"covered_lines": 2, "num_statements": 2, "percent_covered": 100.0, "percent_covered_display": "100", "missing_lines": 0, "excluded_lines": 0}, "missing_lines": [], "excluded_lines": []}, "FunctionalStatusOrganizer.build": {"executed_lines": [227, 234, 237, 240, 243, 244, 247, 248, 250], "summary": {"covered_lines": 9, "num_statements": 9, "percent_covered": 100.0, "percent_covered_display": "100", "missing_lines": 0, "excluded_lines": 0}, "missing_lines": [], "excluded_lines": []}, "FunctionalStatusOrganizer._add_id": {"executed_lines": [259, 261, 265], "summary": {"covered_lines": 3, "num_statements": 3, "percent_covered": 100.0, "percent_covered_display": "100", "missing_lines": 0, "excluded_lines": 0}, "missing_lines": [], "excluded_lines": []}, "FunctionalStatusOrganizer._add_code": {"executed_lines": [278, 280, 281, 282, 283], "summary": {"covered_lines": 5, "num_statements": 5, "percent_covered": 100.0, "percent_covered_display": "100", "missing_lines": 0, "excluded_lines": 0}, "missing_lines": [], "excluded_lines": []}, "FunctionalStatusOrganizer._add_component": {"executed_lines": [301, 304, 305], "summary": {"covered_lines": 3, "num_statements": 3, "percent_covered": 100.0, "percent_covered_display": "100", "missing_lines": 0, "excluded_lines": 0}, "missing_lines": [], "excluded_lines": []}, "": {"executed_lines": [1, 3, 5, 6, 7, 14, 17, 18, 28, 46, 47, 50, 52, 69, 121, 136, 161, 162, 172, 190, 191, 193, 210, 252, 267, 285], "summary": {"covered_lines": 23, "num_statements": 23, "percent_covered": 100.0, "percent_covered_display": "100", "missing_lines": 0, "excluded_lines": 0}, "missing_lines": [], "excluded_lines": []}}, "classes": {"FunctionalStatusObservation": {"executed_lines": [66, 67, 87, 94, 97, 100, 105, 106, 109, 110, 113, 114, 117, 119, 128, 130, 134, 147, 149, 156, 157, 158], "summary": {"covered_lines": 22, "num_statements": 22, "percent_covered": 100.0, "percent_covered_display": "100", "missing_lines": 0, "excluded_lines": 0}, "missing_lines": [], "excluded_lines": []}, "FunctionalStatusOrganizer": {"executed_lines": [207, 208, 227, 234, 237, 240, 243, 244, 247, 248, 250, 259, 261, 265, 278, 280, 281, 282, 283, 301, 304, 305], "summary": {"covered_lines": 22, "num_statements": 22, "percent_covered": 100.0, "percent_covered_display": "100", "missing_lines": 0, "excluded_lines": 0}, "missing_lines": [], "excluded_lines": []}, "": {"executed_lines": [1, 3, 5, 6, 7, 14, 17, 18, 28, 46, 47, 50, 52, 69, 121, 136, 161, 162, 172, 190, 191, 193, 210, 252, 267, 285], "summary": {"covered_lines": 23, "num_statements": 23, "percent_covered": 100.0, "percent_covered_display": "100", "missing_lines": 0, "excluded_lines": 0}, "missing_lines": [], "excluded_lines": []}}}, "ccdakit/builders/entries/goal.py": {"executed_lines": [1, 3, 5, 6, 7, 11, 14, 15, 25, 43, 44, 45, 48, 58, 72, 73, 75, 83, 90, 93, 96, 99, 100, 101, 104, 107, 109, 111, 119, 121, 125, 127, 135, 137, 138, 139, 140, 141, 142, 143, 145, 146, 148, 149, 150, 151, 152, 153, 154, 158, 159, 160, 161, 163, 171, 172, 176, 178, 186, 187, 189, 190, 191, 192, 195, 196, 197, 198, 200, 201, 202, 204, 214, 215], "summary": {"covered_lines": 72, "num_statements": 72, "percent_covered": 100.0, "percent_covered_display": "100", "missing_lines": 0, "excluded_lines": 0}, "missing_lines": [], "excluded_lines": [], "functions": {"GoalObservation.__init__": {"executed_lines": [72, 73], "summary": {"covered_lines": 2, "num_statements": 2, "percent_covered": 100.0, "percent_covered_display": "100", "missing_lines": 0, "excluded_lines": 0}, "missing_lines": [], "excluded_lines": []}, "GoalObservation.build": {"executed_lines": [83, 90, 93, 96, 99, 100, 101, 104, 107, 109], "summary": {"covered_lines": 10, "num_statements": 10, "percent_covered": 100.0, "percent_covered_display": "100", "missing_lines": 0, "excluded_lines": 0}, "missing_lines": [], "excluded_lines": []}, "GoalObservation._add_ids": {"executed_lines": [119, 121, 125], "summary": {"covered_lines": 3, "num_statements": 3, "percent_covered": 100.0, "percent_covered_display": "100", "missing_lines": 0, "excluded_lines": 0}, "missing_lines": [], "excluded_lines": []}, "GoalObservation._add_code": {"executed_lines": [135, 137, 138, 139, 140, 141, 142, 143, 145, 146, 148, 149, 150, 151, 152, 153, 154, 158, 159, 160, 161], "summary": {"covered_lines": 21, "num_statements": 21, "percent_covered": 100.0, "percent_covered_display": "100", "missing_lines": 0, "excluded_lines": 0}, "missing_lines": [], "excluded_lines": []}, "GoalObservation._add_effective_time": {"executed_lines": [171, 172, 176], "summary": {"covered_lines": 3, "num_statements": 3, "percent_covered": 100.0, "percent_covered_display": "100", "missing_lines": 0, "excluded_lines": 0}, "missing_lines": [], "excluded_lines": []}, "GoalObservation._add_value": {"executed_lines": [186, 187, 189, 190, 191, 192, 195, 196, 197, 198, 200, 201, 202], "summary": {"covered_lines": 13, "num_statements": 13, "percent_covered": 100.0, "percent_covered_display": "100", "missing_lines": 0, "excluded_lines": 0}, "missing_lines": [], "excluded_lines": []}, "GoalObservation._map_status": {"executed_lines": [214, 215], "summary": {"covered_lines": 2, "num_statements": 2, "percent_covered": 100.0, "percent_covered_display": "100", "missing_lines": 0, "excluded_lines": 0}, "missing_lines": [], "excluded_lines": []}, "": {"executed_lines": [1, 3, 5, 6, 7, 11, 14, 15, 25, 43, 44, 45, 48, 58, 75, 111, 127, 163, 178, 204], "summary": {"covered_lines": 18, "num_statements": 18, "percent_covered": 100.0, "percent_covered_display": "100", "missing_lines": 0, "excluded_lines": 0}, "missing_lines": [], "excluded_lines": []}}, "classes": {"GoalObservation": {"executed_lines": [72, 73, 83, 90, 93, 96, 99, 100, 101, 104, 107, 109, 119, 121, 125, 135, 137, 138, 139, 140, 141, 142, 143, 145, 146, 148, 149, 150, 151, 152, 153, 154, 158, 159, 160, 161, 171, 172, 176, 186, 187, 189, 190, 191, 192, 195, 196, 197, 198, 200, 201, 202, 214, 215], "summary": {"covered_lines": 54, "num_statements": 54, "percent_covered": 100.0, "percent_covered_display": "100", "missing_lines": 0, "excluded_lines": 0}, "missing_lines": [], "excluded_lines": []}, "": {"executed_lines": [1, 3, 5, 6, 7, 11, 14, 15, 25, 43, 44, 45, 48, 58, 75, 111, 127, 163, 178, 204], "summary": {"covered_lines": 18, "num_statements": 18, "percent_covered": 100.0, "percent_covered_display": "100", "missing_lines": 0, "excluded_lines": 0}, "missing_lines": [], "excluded_lines": []}}}, "ccdakit/builders/entries/health_concern.py": {"executed_lines": [1, 3, 5, 6, 7, 11, 14, 15, 30, 48, 49, 52, 59, 73, 74, 76, 84, 91, 94, 97, 102, 103, 106, 107, 108, 111, 114, 116, 118, 128, 129, 130, 131, 134, 136, 140, 142, 152, 153, 157, 159, 175, 177, 184, 192, 195, 197, 201, 204, 205, 208, 209, 210, 211, 212, 213, 215, 217, 218, 221, 222, 224, 233, 242, 243, 244, 245, 247, 257], "summary": {"covered_lines": 67, "num_statements": 67, "percent_covered": 100.0, "percent_covered_display": "100", "missing_lines": 0, "excluded_lines": 0}, "missing_lines": [], "excluded_lines": [], "functions": {"HealthConcernAct.__init__": {"executed_lines": [73, 74], "summary": {"covered_lines": 2, "num_statements": 2, "percent_covered": 100.0, "percent_covered_display": "100", "missing_lines": 0, "excluded_lines": 0}, "missing_lines": [], "excluded_lines": []}, "HealthConcernAct.build": {"executed_lines": [84, 91, 94, 97, 102, 103, 106, 107, 108, 111, 114, 116], "summary": {"covered_lines": 12, "num_statements": 12, "percent_covered": 100.0, "percent_covered_display": "100", "missing_lines": 0, "excluded_lines": 0}, "missing_lines": [], "excluded_lines": []}, "HealthConcernAct._add_ids": {"executed_lines": [128, 129, 130, 131, 134, 136, 140], "summary": {"covered_lines": 7, "num_statements": 7, "percent_covered": 100.0, "percent_covered_display": "100", "missing_lines": 0, "excluded_lines": 0}, "missing_lines": [], "excluded_lines": []}, "HealthConcernAct._add_effective_time": {"executed_lines": [152, 153, 157], "summary": {"covered_lines": 3, "num_statements": 3, "percent_covered": 100.0, "percent_covered_display": "100", "missing_lines": 0, "excluded_lines": 0}, "missing_lines": [], "excluded_lines": []}, "HealthConcernAct._add_observations": {"executed_lines": [175, 177, 184, 192, 195, 197, 201, 204, 205, 208, 209, 210, 211, 212, 213, 215, 217, 218, 221, 222], "summary": {"covered_lines": 20, "num_statements": 20, "percent_covered": 100.0, "percent_covered_display": "100", "missing_lines": 0, "excluded_lines": 0}, "missing_lines": [], "excluded_lines": []}, "HealthConcernAct._add_observation_template": {"executed_lines": [233, 242, 243, 244, 245], "summary": {"covered_lines": 5, "num_statements": 5, "percent_covered": 100.0, "percent_covered_display": "100", "missing_lines": 0, "excluded_lines": 0}, "missing_lines": [], "excluded_lines": []}, "HealthConcernAct._map_status": {"executed_lines": [257], "summary": {"covered_lines": 1, "num_statements": 1, "percent_covered": 100.0, "percent_covered_display": "100", "missing_lines": 0, "excluded_lines": 0}, "missing_lines": [], "excluded_lines": []}, "": {"executed_lines": [1, 3, 5, 6, 7, 11, 14, 15, 30, 48, 49, 52, 59, 76, 118, 142, 159, 224, 247], "summary": {"covered_lines": 17, "num_statements": 17, "percent_covered": 100.0, "percent_covered_display": "100", "missing_lines": 0, "excluded_lines": 0}, "missing_lines": [], "excluded_lines": []}}, "classes": {"HealthConcernAct": {"executed_lines": [73, 74, 84, 91, 94, 97, 102, 103, 106, 107, 108, 111, 114, 116, 128, 129, 130, 131, 134, 136, 140, 152, 153, 157, 175, 177, 184, 192, 195, 197, 201, 204, 205, 208, 209, 210, 211, 212, 213, 215, 217, 218, 221, 222, 233, 242, 243, 244, 245, 257], "summary": {"covered_lines": 50, "num_statements": 50, "percent_covered": 100.0, "percent_covered_display": "100", "missing_lines": 0, "excluded_lines": 0}, "missing_lines": [], "excluded_lines": []}, "": {"executed_lines": [1, 3, 5, 6, 7, 11, 14, 15, 30, 48, 49, 52, 59, 76, 118, 142, 159, 224, 247], "summary": {"covered_lines": 17, "num_statements": 17, "percent_covered": 100.0, "percent_covered_display": "100", "missing_lines": 0, "excluded_lines": 0}, "missing_lines": [], "excluded_lines": []}}}, "ccdakit/builders/entries/immunization.py": {"executed_lines": [1, 3, 5, 6, 7, 11, 14, 15, 23, 41, 42, 43, 46, 54, 64, 75, 89, 90, 92, 100, 108, 111, 114, 115, 116, 119, 122, 123, 126, 127, 130, 131, 134, 136, 138, 145, 147, 151, 153, 160, 161, 163, 170, 171, 172, 174, 176, 177, 178, 179, 180, 183, 184, 185, 187, 194, 195, 196, 198, 200, 201, 202, 203, 204, 207, 208, 209, 211, 218, 219, 222, 223, 225, 226, 228, 230, 231, 232, 242, 249, 250, 255, 256, 257, 258, 261, 266, 267, 268, 269, 270, 273, 274, 275, 278, 279, 281, 288, 291, 292, 294, 304], "summary": {"covered_lines": 100, "num_statements": 105, "percent_covered": 95.23809523809524, "percent_covered_display": "95", "missing_lines": 5, "excluded_lines": 0}, "missing_lines": [233, 235, 236, 239, 240], "excluded_lines": [], "functions": {"ImmunizationActivity.__init__": {"executed_lines": [89, 90], "summary": {"covered_lines": 2, "num_statements": 2, "percent_covered": 100.0, "percent_covered_display": "100", "missing_lines": 0, "excluded_lines": 0}, "missing_lines": [], "excluded_lines": []}, "ImmunizationActivity.build": {"executed_lines": [100, 108, 111, 114, 115, 116, 119, 122, 123, 126, 127, 130, 131, 134, 136], "summary": {"covered_lines": 15, "num_statements": 15, "percent_covered": 100.0, "percent_covered_display": "100", "missing_lines": 0, "excluded_lines": 0}, "missing_lines": [], "excluded_lines": []}, "ImmunizationActivity._add_id": {"executed_lines": [145, 147, 151], "summary": {"covered_lines": 3, "num_statements": 3, "percent_covered": 100.0, "percent_covered_display": "100", "missing_lines": 0, "excluded_lines": 0}, "missing_lines": [], "excluded_lines": []}, "ImmunizationActivity._add_effective_time": {"executed_lines": [160, 161], "summary": {"covered_lines": 2, "num_statements": 2, "percent_covered": 100.0, "percent_covered_display": "100", "missing_lines": 0, "excluded_lines": 0}, "missing_lines": [], "excluded_lines": []}, "ImmunizationActivity._add_route_code": {"executed_lines": [170, 171, 172, 174, 176, 177, 178, 179, 180, 183, 184, 185], "summary": {"covered_lines": 12, "num_statements": 12, "percent_covered": 100.0, "percent_covered_display": "100", "missing_lines": 0, "excluded_lines": 0}, "missing_lines": [], "excluded_lines": []}, "ImmunizationActivity._add_site_code": {"executed_lines": [194, 195, 196, 198, 200, 201, 202, 203, 204, 207, 208, 209], "summary": {"covered_lines": 12, "num_statements": 12, "percent_covered": 100.0
[...]
ed_lines": 6, "num_statements": 6, "percent_covered": 100.0, "percent_covered_display": "100", "missing_lines": 0, "excluded_lines": 0}, "missing_lines": [], "excluded_lines": []}, "SchematronCleaner._clean_phase": {"executed_lines": [162, 165, 167, 168, 169, 171, 172, 174], "summary": {"covered_lines": 8, "num_statements": 8, "percent_covered": 100.0, "percent_covered_display": "100", "missing_lines": 0, "excluded_lines": 0}, "missing_lines": [], "excluded_lines": []}, "SchematronCleaner._add_cleaning_comment": {"executed_lines": [183, 199, 202], "summary": {"covered_lines": 3, "num_statements": 3, "percent_covered": 100.0, "percent_covered_display": "100", "missing_lines": 0, "excluded_lines": 0}, "missing_lines": [], "excluded_lines": []}, "clean_schematron_file": {"executed_lines": [227, 228], "summary": {"covered_lines": 2, "num_statements": 2, "percent_covered": 100.0, "percent_covered_display": "100", "missing_lines": 0, "excluded_lines": 0}, "missing_lines": [], "excluded_lines": []}, "": {"executed_lines": [1, 12, 13, 14, 16, 19, 22, 23, 32, 34, 45, 131, 151, 176, 205], "summary": {"covered_lines": 13, "num_statements": 13, "percent_covered": 100.0, "percent_covered_display": "100", "missing_lines": 0, "excluded_lines": 0}, "missing_lines": [], "excluded_lines": []}}, "classes": {"SchematronCleaner": {"executed_lines": [41, 42, 43, 67, 68, 71, 73, 74, 77, 85, 86, 87, 88, 90, 91, 92, 93, 95, 96, 99, 100, 101, 104, 107, 108, 111, 114, 121, 122, 123, 129, 141, 144, 145, 146, 147, 149, 162, 165, 167, 168, 169, 171, 172, 174, 183, 199, 202], "summary": {"covered_lines": 48, "num_statements": 48, "percent_covered": 100.0, "percent_covered_display": "100", "missing_lines": 0, "excluded_lines": 0}, "missing_lines": [], "excluded_lines": []}, "": {"executed_lines": [1, 12, 13, 14, 16, 19, 22, 23, 32, 34, 45, 131, 151, 176, 205, 227, 228], "summary": {"covered_lines": 15, "num_statements": 15, "percent_covered": 100.0, "percent_covered_display": "100", "missing_lines": 0, "excluded_lines": 0}, "missing_lines": [], "excluded_lines": []}}}, "ccdakit/validators/schematron_downloader.py": {"executed_lines": [1, 3, 4, 5, 6, 9, 12, 13, 21, 23, 36, 44, 46, 47, 49, 50, 52, 62, 64, 74, 76, 89, 92, 93, 96, 97, 98, 99, 100, 101, 102, 110, 111, 114, 115, 117, 119, 126, 127, 128, 130, 132, 143, 144, 147, 148, 150, 152, 153, 154, 156, 158, 159, 161, 162, 168, 170, 172, 174, 176, 178, 180, 182, 183, 185, 192, 194, 196, 197, 200, 202, 206, 208, 209, 212, 233, 236, 237, 238, 239, 242, 244, 245, 247], "summary": {"covered_lines": 82, "num_statements": 82, "percent_covered": 100.0, "percent_covered_display": "100", "missing_lines": 0, "excluded_lines": 0}, "missing_lines": [], "excluded_lines": [], "functions": {"SchematronDownloader.__init__": {"executed_lines": [44, 46, 47, 49, 50], "summary": {"covered_lines": 5, "num_statements": 5, "percent_covered": 100.0, "percent_covered_display": "100", "missing_lines": 0, "excluded_lines": 0}, "missing_lines": [], "excluded_lines": []}, "SchematronDownloader.download_schematron": {"executed_lines": [62], "summary": {"covered_lines": 1, "num_statements": 1, "percent_covered": 100.0, "percent_covered_display": "100", "missing_lines": 0, "excluded_lines": 0}, "missing_lines": [], "excluded_lines": []}, "SchematronDownloader.download_vocabulary": {"executed_lines": [74], "summary": {"covered_lines": 1, "num_statements": 1, "percent_covered": 100.0, "percent_covered_display": "100", "missing_lines": 0, "excluded_lines": 0}, "missing_lines": [], "excluded_lines": []}, "SchematronDownloader.download_all": {"executed_lines": [89, 92, 93, 96, 97, 98, 99, 100, 101, 102, 110, 111, 114, 115, 117], "summary": {"covered_lines": 15, "num_statements": 15, "percent_covered": 100.0, "percent_covered_display": "100", "missing_lines": 0, "excluded_lines": 0}, "missing_lines": [], "excluded_lines": []}, "SchematronDownloader.are_files_present": {"executed_lines": [126, 127, 128, 130], "summary": {"covered_lines": 4, "num_statements": 4, "percent_covered": 100.0, "percent_covered_display": "100", "missing_lines": 0, "excluded_lines": 0}, "missing_lines": [], "excluded_lines": []}, "SchematronDownloader._download_file": {"executed_lines": [143, 144, 147, 148, 150, 152, 153, 154, 156, 158, 159, 161, 162, 168], "summary": {"covered_lines": 14, "num_statements": 14, "percent_covered": 100.0, "percent_covered_display": "100", "missing_lines": 0, "excluded_lines": 0}, "missing_lines": [], "excluded_lines": []}, "SchematronDownloader.get_schematron_path": {"executed_lines": [172], "summary": {"covered_lines": 1, "num_statements": 1, "percent_covered": 100.0, "percent_covered_display": "100", "missing_lines": 0, "excluded_lines": 0}, "missing_lines": [], "excluded_lines": []}, "SchematronDownloader.get_vocabulary_path": {"executed_lines": [176], "summary": {"covered_lines": 1, "num_statements": 1, "percent_covered": 100.0, "percent_covered_display": "100", "missing_lines": 0, "excluded_lines": 0}, "missing_lines": [], "excluded_lines": []}, "SchematronDownloader.get_cleaned_schematron_path": {"executed_lines": [180, 182, 183], "summary": {"covered_lines": 3, "num_statements": 3, "percent_covered": 100.0, "percent_covered_display": "100", "missing_lines": 0, "excluded_lines": 0}, "missing_lines": [], "excluded_lines": []}, "SchematronDownloader._clean_schematron_file": {"executed_lines": [192, 194, 196, 197, 200, 202, 206, 208, 209], "summary": {"covered_lines": 9, "num_statements": 9, "percent_covered": 100.0, "percent_covered_display": "100", "missing_lines": 0, "excluded_lines": 0}, "missing_lines": [], "excluded_lines": []}, "download_schematron_files": {"executed_lines": [233, 236, 237, 238, 239, 242, 244, 245, 247], "summary": {"covered_lines": 9, "num_statements": 9, "percent_covered": 100.0, "percent_covered_display": "100", "missing_lines": 0, "excluded_lines": 0}, "missing_lines": [], "excluded_lines": []}, "": {"executed_lines": [1, 3, 4, 5, 6, 9, 12, 13, 21, 23, 36, 52, 64, 76, 119, 132, 170, 174, 178, 185, 212], "summary": {"covered_lines": 19, "num_statements": 19, "percent_covered": 100.0, "percent_covered_display": "100", "missing_lines": 0, "excluded_lines": 0}, "missing_lines": [], "excluded_lines": []}}, "classes": {"SchematronDownloader": {"executed_lines": [44, 46, 47, 49, 50, 62, 74, 89, 92, 93, 96, 97, 98, 99, 100, 101, 102, 110, 111, 114, 115, 117, 126, 127, 128, 130, 143, 144, 147, 148, 150, 152, 153, 154, 156, 158, 159, 161, 162, 168, 172, 176, 180, 182, 183, 192, 194, 196, 197, 200, 202, 206, 208, 209], "summary": {"covered_lines": 54, "num_statements": 54, "percent_covered": 100.0, "percent_covered_display": "100", "missing_lines": 0, "excluded_lines": 0}, "missing_lines": [], "excluded_lines": []}, "": {"executed_lines": [1, 3, 4, 5, 6, 9, 12, 13, 21, 23, 36, 52, 64, 76, 119, 132, 170, 174, 178, 185, 212, 233, 236, 237, 238, 239, 242, 244, 245, 247], "summary": {"covered_lines": 28, "num_statements": 28, "percent_covered": 100.0, "percent_covered_display": "100", "missing_lines": 0, "excluded_lines": 0}, "missing_lines": [], "excluded_lines": []}}}, "ccdakit/validators/utils.py": {"executed_lines": [1, 3, 4, 5, 6, 10, 13, 19, 20, 26, 33, 34, 36, 43, 45, 52, 54, 61, 62, 70, 93, 94, 99, 100, 101, 105, 107, 109, 110, 121, 122, 124, 126, 168, 171, 178, 179, 180, 183, 190, 191, 194, 205, 206, 207, 208, 211, 213, 214], "summary": {"covered_lines": 47, "num_statements": 51, "percent_covered": 92.15686274509804, "percent_covered_display": "92", "missing_lines": 4, "excluded_lines": 0}, "missing_lines": [113, 114, 117, 119], "excluded_lines": [], "functions": {"SchemaManager.__init__": {"executed_lines": [33, 34], "summary": {"covered_lines": 2, "num_statements": 2, "percent_covered": 100.0, "percent_covered_display": "100", "missing_lines": 0, "excluded_lines": 0}, "missing_lines": [], "excluded_lines": []}, "SchemaManager.is_installed": {"executed_lines": [43], "summary": {"covered_lines": 1, "num_statements": 1, "percent_covered": 100.0, "percent_covered_display": "100", "missing_lines": 0, "excluded_lines": 0}, "missing_lines": [], "excluded_lines": []}, "SchemaManager.get_cda_schema_path": {"executed_lines": [52], "summary": {"covered_lines": 1, "num_statements": 1, "percent_covered": 100.0, "percent_covered_display": "100", "missing_lines": 0, "excluded_lines": 0}, "missing_lines": [], "excluded_lines": []}, "SchemaManager.get_schema_info": {"executed_lines": [61, 62], "summary": {"covered_lines": 2, "num_statements": 2, "percent_covered": 100.0, "percent_covered_display": "100", "missing_lines": 0, "excluded_lines": 0}, "missing_lines": [], "excluded_lines": []}, "SchemaManager.download_schemas": {"executed_lines": [93, 94, 99, 100, 101, 105, 107, 109, 110, 121, 122], "summary": {"covered_lines": 11, "num_statements": 15, "percent_covered": 73.33333333333333, "percent_covered_display": "73", "missing_lines": 4, "excluded_lines": 0}, "missing_lines": [113, 114, 117, 119], "excluded_lines": []}, "SchemaManager.print_installation_instructions": {"executed_lines": [126, 168], "summary": {"covered_lines": 2, "num_statements": 2, "percent_covered": 100.0, "percent_covered_display": "100", "missing_lines": 0, "excluded_lines": 0}, "missing_lines": [], "excluded_lines": []}, "get_default_schema_path": {"executed_lines": [178, 179, 180], "summary": {"covered_lines": 3, "num_statements": 3, "percent_covered": 100.0, "percent_covered_display": "100", "missing_lines": 0, "excluded_lines": 0}, "missing_lines": [], "excluded_lines": []}, "check_schema_installed": {"executed_lines": [190, 191], "summary": {"covered_lines": 2, "num_statements": 2, "percent_covered": 100.0, "percent_covered_display": "100", "missing_lines": 0, "excluded_lines": 0}, "missing_lines": [], "excluded_lines": []}, "install_schemas": {"executed_lines": [205, 206, 207, 208], "summary": {"covered_lines": 4, "num_statements": 4, "percent_covered": 100.0, "percent_covered_display": "100", "missing_lines": 0, "excluded_lines": 0}, "missing_lines": [], "excluded_lines": []}, "print_schema_installation_help": {"executed_lines": [213, 214], "summary": {"covered_lines": 2, "num_statements": 2, "percent_covered": 100.0, "percent_covered_display": "100", "missing_lines": 0, "excluded_lines": 0}, "missing_lines": [], "excluded_lines": []}, "": {"executed_lines": [1, 3, 4, 5, 6, 10, 13, 19, 20, 26, 36, 45, 54, 70, 124, 171, 183, 194, 211], "summary": {"covered_lines": 17, "num_statements": 17, "percent_covered": 100.0, "percent_covered_display": "100", "missing_lines": 0, "excluded_lines": 0}, "missing_lines": [], "excluded_lines": []}}, "classes": {"SchemaManager": {"executed_lines": [33, 34, 43, 52, 61, 62, 93, 94, 99, 100, 101, 105, 107, 109, 110, 121, 122, 126, 168], "summary": {"covered_lines": 19, "num_statements": 23, "percent_covered": 82.6086956521739, "percent_covered_display": "83", "missing_lines": 4, "excluded_lines": 0}, "missing_lines": [113, 114, 117, 119], "excluded_lines": []}, "": {"executed_lines": [1, 3, 4, 5, 6, 10, 13, 19, 20, 26, 36, 45, 54, 70, 124, 171, 178, 179, 180, 183, 190, 191, 194, 205, 206, 207, 208, 211, 213, 214], "summary": {"covered_lines": 28, "num_statements": 28, "percent_covered": 100.0, "percent_covered_display": "100", "missing_lines": 0, "excluded_lines": 0}, "missing_lines": [], "excluded_lines": []}}}, "ccdakit/validators/xsd.py": {"executed_lines": [1, 3, 4, 6, 8, 9, 12, 13, 38, 60, 61, 64, 65, 68, 69, 78, 79, 80, 81, 82, 86, 96, 97, 100, 101, 104, 110, 111, 112, 117, 124, 125, 127, 128, 130, 131, 133, 137, 139, 157, 175, 177, 179, 182, 184, 186, 187, 188, 190, 192, 200, 201, 208, 210, 218, 220, 231, 232, 233, 234, 235, 238, 241, 242, 244, 251, 264, 266, 276, 278, 288, 290, 291, 293], "summary": {"covered_lines": 72, "num_statements": 78, "percent_covered": 92.3076923076923, "percent_covered_display": "92", "missing_lines": 6, "excluded_lines": 0}, "missing_lines": [115, 134, 135, 146, 147, 149], "excluded_lines": [], "functions": {"XSDValidator.__init__": {"executed_lines": [60, 61, 64, 65, 68, 69, 78, 79, 80, 81, 82], "summary": {"covered_lines": 11, "num_statements": 11, "percent_covered": 100.0, "percent_covered_display": "100", "missing_lines": 0, "excluded_lines": 0}, "missing_lines": [], "excluded_lines": []}, "XSDValidator._resolve_schema_path": {"executed_lines": [96, 97, 100, 101, 104, 110, 111, 112], "summary": {"covered_lines": 8, "num_statements": 9, "percent_covered": 88.88888888888889, "percent_covered_display": "89", "missing_lines": 1, "excluded_lines": 0}, "missing_lines": [115], "excluded_lines": []}, "XSDValidator._attempt_auto_download": {"executed_lines": [124, 125, 127, 128, 130, 131, 133, 137, 139], "summary": {"covered_lines": 9, "num_statements": 14, "percent_covered": 64.28571428571429, "percent_covered_display": "64", "missing_lines": 5, "excluded_lines": 0}, "missing_lines": [134, 135, 146, 147, 149], "excluded_lines": []}, "XSDValidator.validate": {"executed_lines": [175, 177, 179, 182, 184, 186, 187, 188, 190, 192, 200, 201, 208, 210, 218], "summary": {"covered_lines": 15, "num_statements": 15, "percent_covered": 100.0, "percent_covered_display": "100", "missing_lines": 0, "excluded_lines": 0}, "missing_lines": [], "excluded_lines": []}, "XSDValidator._parse_schema_error": {"executed_lines": [231, 232, 233, 234, 235, 238, 241, 242, 244], "summary": {"covered_lines": 9, "num_statements": 9, "percent_covered": 100.0, "percent_covered_display": "100", "missing_lines": 0, "excluded_lines": 0}, "missing_lines": [], "excluded_lines": []}, "XSDValidator.validate_file": {"executed_lines": [264], "summary": {"covered_lines": 1, "num_statements": 1, "percent_covered": 100.0, "percent_covered_display": "100", "missing_lines": 0, "excluded_lines": 0}, "missing_lines": [], "excluded_lines": []}, "XSDValidator.validate_string": {"executed_lines": [276], "summary": {"covered_lines": 1, "num_statements": 1, "percent_covered": 100.0, "percent_covered_display": "100", "missing_lines": 0, "excluded_lines": 0}, "missing_lines": [], "excluded_lines": []}, "XSDValidator.validate_bytes": {"executed_lines": [288], "summary": {"covered_lines": 1, "num_statements": 1, "percent_covered": 100.0, "percent_covered_display": "100", "missing_lines": 0, "excluded_lines": 0}, "missing_lines": [], "excluded_lines": []}, "XSDValidator.schema_location": {"executed_lines": [293], "summary": {"covered_lines": 1, "num_statements": 1, "percent_covered": 100.0, "percent_covered_display": "100", "missing_lines": 0, "excluded_lines": 0}, "missing_lines": [], "excluded_lines": []}, "": {"executed_lines": [1, 3, 4, 6, 8, 9, 12, 13, 38, 86, 117, 157, 220, 251, 266, 278, 290, 291], "summary": {"covered_lines": 16, "num_statements": 16, "percent_covered": 100.0, "percent_covered_display": "100", "missing_lines": 0, "excluded_lines": 0}, "missing_lines": [], "excluded_lines": []}}, "classes": {"XSDValidator": {"executed_lines": [60, 61, 64, 65, 68, 69, 78, 79, 80, 81, 82, 96, 97, 100, 101, 104, 110, 111, 112, 124, 125, 127, 128, 130, 131, 133, 137, 139, 175, 177, 179, 182, 184, 186, 187, 188, 190, 192, 200, 201, 208, 210, 218, 231, 232, 233, 234, 235, 238, 241, 242, 244, 264, 276, 288, 293], "summary": {"covered_lines": 56, "num_statements": 62, "percent_covered": 90.3225806451613, "percent_covered_display": "90", "missing_lines": 6, "excluded_lines": 0}, "missing_lines": [115, 134, 135, 146, 147, 149], "excluded_lines": []}, "": {"executed_lines": [1, 3, 4, 6, 8, 9, 12, 13, 38, 86, 117, 157, 220, 251, 266, 278, 290, 291], "summary": {"covered_lines": 16, "num_statements": 16, "percent_covered": 100.0, "percent_covered_display": "100", "missing_lines": 0, "excluded_lines": 0}, "missing_lines": [], "excluded_lines": []}}}, "ccdakit/validators/xsd_downloader.py": {"executed_lines": [1, 3, 4, 5, 6, 7, 10, 13, 14, 23, 26, 28, 36, 38, 39, 41, 42, 44, 51, 53, 63, 64, 65, 67, 68, 71, 73, 74, 75, 76, 79, 80, 82, 85, 87, 89, 90, 91, 92, 94, 97, 98, 100, 101, 103, 105, 106, 107, 108, 110, 111, 112, 114, 121, 122, 124, 125, 127, 128, 129, 131, 138, 139, 141, 150, 152, 195], "summary": {"covered_lines": 65, "num_statements": 65, "percent_covered": 100.0, "percent_covered_display": "100", "missing_lines": 0, "excluded_lines": 0}, "missing_lines": [], "excluded_lines": [], "functions": {"XSDDownloader.__init__": {"executed_lines": [36, 38, 39, 41, 42], "summary": {"covered_lines": 5, "num_statements": 5, "percent_covered": 100.0, "percent_covered_display": "100", "missing_lines": 0, "excluded_lines": 0}, "missing_lines": [], "excluded_lines": []}, "XSDDownloader.is_installed": {"executed_lines": [51], "summary": {"covered_lines": 1, "num_statements": 1, "percent_covered": 100.0, "percent_covered_display": "100", "missing_lines": 0, "excluded_lines": 0}, "missing_lines": [], "excluded_lines": []}, "XSDDownloader.download_schemas": {"executed_lines": [63, 64, 65, 67, 68, 71, 73, 74, 75, 76, 79, 80, 82, 85, 87, 89, 90, 91, 92, 94, 97, 98, 100, 101, 103, 105, 106, 107, 108, 110, 111, 112], "summary": {"covered_lines": 32, "num_statements": 32, "percent_covered": 100.0, "percent_covered_display": "100", "missing_lines": 0, "excluded_lines": 0}, "missing_lines": [], "excluded_lines": []}, "XSDDownloader._cleanup_temp_dir": {"executed_lines": [121, 122, 124, 125, 127, 128, 129], "summary": {"covered_lines": 7, "num_statements": 7, "percent_covered": 100.0, "percent_covered_display": "100", "missing_lines": 0, "excluded_lines": 0}, "missing_lines": [], "excluded_lines": []}, "XSDDownloader.get_schema_info": {"executed_lines": [138, 139, 141], "summary": {"covered_lines": 3, "num_statements": 3, "percent_covered": 100.0, "percent_covered_display": "100", "missing_lines": 0, "excluded_lines": 0}, "missing_lines": [], "excluded_lines": []}, "XSDDownloader.print_installation_instructions": {"executed_lines": [152, 195], "summary": {"covered_lines": 2, "num_statements": 2, "percent_covered": 100.0, "percent_covered_display": "100", "missing_lines": 0, "excluded_lines": 0}, "missing_lines": [], "excluded_lines": []}, "": {"executed_lines": [1, 3, 4, 5, 6, 7, 10, 13, 14, 23, 26, 28, 44, 53, 114, 131, 150], "summary": {"covered_lines": 15, "num_statements": 15, "percent_covered": 100.0, "percent_covered_display": "100", "missing_lines": 0, "excluded_lines": 0}, "missing_lines": [], "excluded_lines": []}}, "classes": {"XSDDownloader": {"executed_lines": [36, 38, 39, 41, 42, 51, 63, 64, 65, 67, 68, 71, 73, 74, 75, 76, 79, 80, 82, 85, 87, 89, 90, 91, 92, 94, 97, 98, 100, 101, 103, 105, 106, 107, 108, 110, 111, 112, 121, 122, 124, 125, 127, 128, 129, 138, 139, 141, 152, 195], "summary": {"covered_lines": 50, "num_statements": 50, "percent_covered": 100.0, "percent_covered_display": "100", "missing_lines": 0, "excluded_lines": 0}, "missing_lines": [], "excluded_lines": []}, "": {"executed_lines": [1, 3, 4, 5, 6, 7, 10, 13, 14, 23, 26, 28, 44, 53, 114, 131, 150], "summary": {"covered_lines": 15, "num_statements": 15, "percent_covered": 100.0, "percent_covered_display": "100", "missing_lines": 0, "excluded_lines": 0}, "missing_lines": [], "excluded_lines": []}}}, "ccdakit/wsgi.py": {"executed_lines": [], "summary": {"covered_lines": 0, "num_statements": 2, "percent_covered": 0.0, "percent_covered_display": "0", "missing_lines": 2, "excluded_lines": 2}, "missing_lines": [3, 5], "excluded_lines": [7, 8], "functions": {"": {"executed_lines": [], "summary": {"covered_lines": 0, "num_statements": 2, "percent_covered": 0.0, "percent_covered_display": "0", "missing_lines": 2, "excluded_lines": 2}, "missing_lines": [3, 5], "excluded_lines": [7, 8]}}, "classes": {"": {"executed_lines": [], "summary": {"covered_lines": 0, "num_statements": 2, "percent_covered": 0.0, "percent_covered_display": "0", "missing_lines": 2, "excluded_lines": 2}, "missing_lines": [3, 5], "excluded_lines": [7, 8]}}}}, "totals": {"covered_lines": 10381, "num_statements": 10891, "percent_covered": 95.31723441373612, "percent_covered_display": "95", "missing_lines": 510, "excluded_lines": 58}}